#
# A fatal error has been detected by the Java Runtime Environment:
#
#  Internal Error (jvmciRuntime.cpp:1609), pid=29, tid=44
#  fatal error: Fatal exception in JVMCI: Error calling jdk.vm.ci.services.Services.serializeSavedProperties
#
# JRE version: OpenJDK Runtime Environment GraalVM CE 22.3.0 (17.0.5+8) (build 17.0.5+8-jvmci-22.3-b08)
# Java VM: OpenJDK 64-Bit Server VM GraalVM CE 22.3.0 (17.0.5+8-jvmci-22.3-b08, mixed mode, sharing, tiered, jvmci, jvmci compiler, compressed oops, compressed class ptrs, parallel gc, linux-amd64)
# Problematic frame:
# V  [libjvm.so+0x972714]  JVMCIRuntime::fatal_exception(JVMCIEnv*, char const*)+0x74
#
# Core dump will be written. Default location: Core dumps may be processed with "/usr/share/apport/apport -p%p -s%s -c%c -d%d -P%P -u%u -g%g -- %E" (or dumping to /home/runner/Fechasjava/core.29)
#
# If you would like to submit a bug report, please visit:
#   https://github.com/oracle/graal/issues
#

---------------  S U M M A R Y ------------

Command Line: -XX:ThreadPriorityPolicy=1 -XX:+UnlockExperimentalVMOptions -XX:+EnableJVMCIProduct -XX:JVMCIThreadsPerNativeLibraryRuntime=1 -XX:-UnlockExperimentalVMOptions -Declipse.application=org.eclipse.jdt.ls.core.id1 -Dosgi.bundles.defaultStartLevel=4 -Declipse.product=org.eclipse.jdt.ls.core.product -Dlog.level=ALL -Xverify:none -XX:+UseParallelGC -XX:GCTimeRatio=4 -XX:AdaptiveSizePolicyWeight=90 -Dsun.zip.disableMemoryMapping=true -Xmx512m -Xms100m /nix/store/m6gcpi1ii6rghy04cjwjddcavv7i90df-jdt-language-server-1.9.0/share/java/plugins/org.eclipse.equinox.launcher_1.6.400.v20210924-0641.jar --add-modules=ALL-SYSTEM --add-opens java.base/java.util=ALL-UNNAMED --add-opens java.base/java.lang=ALL-UNNAMED -configuration /home/runner/.cache/jdt-language-server/config -data /home/runner/.cache/jdt-language-server/data/home/runner/Fechasjava

Host: AMD EPYC 7B12, 8 cores, 1G, Ubuntu 20.04.2 LTS
Time: Wed Apr 12 13:31:40 2023 UTC elapsed time: 1252.019012 seconds (0d 0h 20m 52s)

---------------  T H R E A D  ---------------

Current thread (0x00007fd3d00b21d0):  JavaThread "JVMCI-native CompilerThread0" daemon [_thread_in_vm, id=44, stack(0x00007fd3b6048000,0x00007fd3b6248000)]


Current CompileTask:
JVMCI-native:1252019 9906  s    4       org.eclipse.jdt.internal.core.JavaModelManager::getInfo (36 bytes)

Stack: [0x00007fd3b6048000,0x00007fd3b6248000],  sp=0x00007fd3b6246380,  free space=2040k
Native frames: (J=compiled Java code, j=interpreted, Vv=VM code, C=native code)
V  [libjvm.so+0x972714]  JVMCIRuntime::fatal_exception(JVMCIEnv*, char const*)+0x74
V  [libjvm.so+0x93e2fe]  JVMCIEnv::copy_saved_properties()+0x14e
V  [libjvm.so+0x9732a9]  JVMCIRuntime::initialize(JVMCIEnv*)+0xb19
V  [libjvm.so+0x9738a2]  JVMCIRuntime::get_HotSpotJVMCIRuntime(JVMCIEnv*)+0x12
V  [libjvm.so+0x9749f2]  JVMCIRuntime::compile_method(JVMCIEnv*, JVMCICompiler*, methodHandle const&, int)+0xd2
V  [libjvm.so+0x5b0d20]  CompileBroker::invoke_compiler_on_method(CompileTask*)+0x1470
V  [libjvm.so+0x5b12e8]  CompileBroker::compiler_thread_loop()+0x528
V  [libjvm.so+0xd82460]  JavaThread::thread_main_inner()+0xd0
V  [libjvm.so+0xd85a40]  Thread::call_run()+0xc0
V  [libjvm.so+0xbdb1e1]  thread_native_entry(Thread*)+0xe1

Register to memory mapping:

RAX=0x00007fd3d5da5000 points into unknown readable memory: 0x0000000000000058 | 58 00 00 00 00 00 00 00
RBX=0x00007fd3d6ea0398: <offset 0x0000000000ef5398> in /nix/store/gpxl5qgg8kicmcvivwmybwjlpf7wh20l-graalvm17-ce-22.3.0/lib/server/libjvm.so at 0x00007fd3d5fab000
RCX=0x00007fd3d6e581e8: <offset 0x0000000000ead1e8> in /nix/store/gpxl5qgg8kicmcvivwmybwjlpf7wh20l-graalvm17-ce-22.3.0/lib/server/libjvm.so at 0x00007fd3d5fab000
RDX=0x0000000000000649 is an unknown value
RSP=0x00007fd3b6246380 is pointing into the stack for thread: 0x00007fd3d00b21d0
RBP=0x00007fd3b62463a0 is pointing into the stack for thread: 0x00007fd3d00b21d0
RSI=0x00007fd3d6ea0c48: <offset 0x0000000000ef5c48> in /nix/store/gpxl5qgg8kicmcvivwmybwjlpf7wh20l-graalvm17-ce-22.3.0/lib/server/libjvm.so at 0x00007fd3d5fab000
RDI=0x00000000e0000000 is an oop: java.lang.String 
{0x00000000e0000000} - klass: 'java/lang/String'
 - string: "resolution"
R8 =0x00007fd3d6ea0398: <offset 0x0000000000ef5398> in /nix/store/gpxl5qgg8kicmcvivwmybwjlpf7wh20l-graalvm17-ce-22.3.0/lib/server/libjvm.so at 0x00007fd3d5fab000
R9 =0x0000000000000003 is an unknown value
R10=0x00007fd3d71f1da0: <offset 0x0000000001246da0> in /nix/store/gpxl5qgg8kicmcvivwmybwjlpf7wh20l-graalvm17-ce-22.3.0/lib/server/libjvm.so at 0x00007fd3d5fab000
R11=0x0000000000000246 is an unknown value
R12=0x0 is NULL
R13=0x00007fd3d00b21d0 is a thread
R14=0x00007fd3d0000b80 points into unknown readable memory: 0x00007fd3d70d1a38 | 38 1a 0d d7 d3 7f 00 00
R15=0x00007fd3d71dfe40: <offset 0x0000000001234e40> in /nix/store/gpxl5qgg8kicmcvivwmybwjlpf7wh20l-graalvm17-ce-22.3.0/lib/server/libjvm.so at 0x00007fd3d5fab000


Registers:
RAX=0x00007fd3d5da5000, RBX=0x00007fd3d6ea0398, RCX=0x00007fd3d6e581e8, RDX=0x0000000000000649
RSP=0x00007fd3b6246380, RBP=0x00007fd3b62463a0, RSI=0x00007fd3d6ea0c48, RDI=0x00000000e0000000
R8 =0x00007fd3d6ea0398, R9 =0x0000000000000003, R10=0x00007fd3d71f1da0, R11=0x0000000000000246
R12=0x0000000000000000, R13=0x00007fd3d00b21d0, R14=0x00007fd3d0000b80, R15=0x00007fd3d71dfe40
RIP=0x00007fd3d691d714, EFLAGS=0x0000000000010206, CSGSFS=0x002b000000000033, ERR=0x0000000000000006
  TRAPNO=0x000000000000000e

Top of Stack: (sp=0x00007fd3b6246380)
0x00007fd3b6246380:   00007fd3b6246940 00007fd3d00b21d0
0x00007fd3b6246390:   00007fd3d4754e78 0000000800c56648
0x00007fd3b62463a0:   00007fd3b6246500 00007fd3d68e92fe
0x00007fd3b62463b0:   00007fd3b62463e0 00007fd3b6246440 

Instructions: (pc=0x00007fd3d691d714)
0x00007fd3d691d614:   30 e8 f6 cf e8 ff 4c 89 e7 e8 2e 48 d1 ff 84 db
0x00007fd3d691d624:   75 2a 4d 85 ed 74 04 4d 8b 6d 00 48 83 c4 08 44
0x00007fd3d691d634:   89 f9 4c 89 f2 4c 89 ee 5b 4c 89 e7 41 5c 41 5d
0x00007fd3d691d644:   41 5e 41 5f 5d e9 e2 47 d1 ff 66 90 48 83 c4 08
0x00007fd3d691d654:   5b 41 5c 41 5d 41 5e 41 5f 5d c3 90 31 d2 be 08
0x00007fd3d691d664:   00 00 00 4c 89 ff e8 b1 78 a3 ff 49 89 c5 e9 37
0x00007fd3d691d674:   ff ff ff 66 0f 1f 84 00 00 00 00 00 48 8b 7a 08
0x00007fd3d691d684:   e9 6d ff ff ff 0f 1f 80 00 00 00 00 e8 5b 48 0a
0x00007fd3d691d694:   00 84 c0 75 89 e9 6a ff ff ff 66 90 55 48 89 e5
0x00007fd3d691d6a4:   41 56 41 55 41 54 49 89 fc 53 48 89 f3 66 48 8d
0x00007fd3d691d6b4:   3d 27 5e 85 00 66 66 48 e8 df 43 8d ff 4c 8b 28
0x00007fd3d691d6c4:   8b 05 be 72 8a 00 85 c0 75 14 ba 01 00 00 00 48
0x00007fd3d691d6d4:   8d 0d ae 72 8a 00 f0 0f b1 11 85 c0 74 4e be c8
0x00007fd3d691d6e4:   00 00 00 4c 89 ef e8 01 0b 41 00 48 8d 05 12 ac
0x00007fd3d691d6f4:   85 00 49 89 d8 48 8d 0d e8 aa 53 00 ba 49 06 00
0x00007fd3d691d704:   00 48 8d 35 3c 35 58 00 bf 00 00 00 e0 48 8b 00
0x00007fd3d691d714:   c6 00 58 31 c0 e8 e2 91 c6 ff 5b 41 5c 41 5d 41
0x00007fd3d691d724:   5e 5d e9 55 34 26 00 0f 1f 44 00 00 48 8d 05 81
0x00007fd3d691d734:   a3 8b 00 48 89 df 4c 8b 30 e8 9e 43 8d ff 48 89
0x00007fd3d691d744:   de 48 89 c2 49 8b 06 4c 89 f7 ff 50 08 4c 89 f7
0x00007fd3d691d754:   e8 a7 5c 27 00 4d 85 e4 74 12 be 01 00 00 00 4c
0x00007fd3d691d764:   89 e7 e8 35 43 fc ff eb 82 0f 1f 00 be 01 00 00
0x00007fd3d691d774:   00 4c 89 ef e8 d3 fd ff ff e9 6d ff ff ff 66 66
0x00007fd3d691d784:   2e 0f 1f 84 00 00 00 00 00 0f 1f 00 55 48 89 e5
0x00007fd3d691d794:   41 57 41 56 41 55 41 54 53 48 81 ec 08 02 00 00
0x00007fd3d691d7a4:   64 48 8b 04 25 28 00 00 00 48 89 45 c8 8b 07 83
0x00007fd3d691d7b4:   f8 02 0f 84 11 04 00 00 4c 8b 6f 18 49 89 ff 49
0x00007fd3d691d7c4:   89 f4 4d 85 ed 74 14 4c 89 ef e8 5d 57 22 00 41
0x00007fd3d691d7d4:   8b 07 83 f8 02 0f 84 19 04 00 00 48 8d 1d 9a 06
0x00007fd3d691d7e4:   8a 00 4c 8d 35 0b 3c 58 00 eb 38 90 48 85 d2 7f
0x00007fd3d691d7f4:   0d 48 8d 05 b4 c0 85 00 48 83 38 00 7e 0e 41 8b
0x00007fd3d691d804:   77 2c 4c 89 f7 31 c0 e8 a0 b2 f7 ff 49 8b 7f 18 


Stack slot to memory mapping:
stack at sp + 0 slots: 0x00007fd3b6246940 is pointing into the stack for thread: 0x00007fd3d00b21d0
stack at sp + 1 slots: 0x00007fd3d00b21d0 is a thread
stack at sp + 2 slots: 0x00007fd3d4754e78 points into unknown readable memory: 0x657300181318ffff | ff ff 18 13 18 00 73 65
stack at sp + 3 slots: 0x0000000800c56648 is a pointer to class: 
jdk.vm.ci.services.Services {0x0000000800c56648}
 - instance size:     2
 - klass size:        65
 - access:            public final synchronized 
 - state:             fully_initialized
 - name:              'jdk/vm/ci/services/Services'
 - super:             'java/lang/Object'
 - sub:               
 - arrays:            NULL
 - methods:           Array<T>(0x00007fd3b6d01868)
 - method ordering:   Array<T>(0x0000000800928960)
 - default_methods:   Array<T>(0x0000000000000000)
 - local interfaces:  Array<T>(0x00000008005ce810)
 - trans. interfaces: Array<T>(0x00000008005ce810)
 - constants:         constant pool [427] {0x00007fd3b6d00948} for 'jdk/vm/ci/services/Services' cache=0x00007fd3b6d02b38
 - class loader data:  loader data: 0x00007fd3d00283f0 of 'bootstrap'
 - source file:       'Services.java'
 - class annotations:       Array<T>(0x0000000000000000)
 - class type annotations:  Array<T>(0x0000000000000000)
 - field annotations:       Array<T>(0x0000000000000000)
 - field type annotations:  Array<T>(0x0000000000000000)
 - inner classes:     Array<T>(0x00007fd3b6d02b08)
 - nest members:     Array<T>(0x00007fd3b6d02b28)
 - permitted subclasses:     Array<T>(0x00000008005ce7a0)
 - java mirror:       a 'java/lang/Class'{0x00000000e0138b40} = 'jdk/vm/ci/services/Services'
 - vtable length      5  (start addr: 0x0000000800c56818)
 - itable length      2 (start addr: 0x0000000800c56840)
 - ---- static fields (3 words):
 - public static final 'IS_BUILDING_NATIVE_IMAGE' 'Z' @128 
 - public static final 'IS_IN_NATIVE_IMAGE' 'Z' @129 
 - private static volatile 'savedProperties' 'Ljava/util/Map;' @112 
 - static final 'JVMCI_ENABLED' 'Z' @130 
 - private static final 'servicesCache' 'Ljava/util/Map;' @116 
 - private static final 'MAX_UNICODE_IN_UTF8_LENGTH' 'I' @120 
 - private static final 'MAX_UTF8_PROPERTY_STRING_LENGTH' 'I' @124 
 - ---- non-static fields (0 words):
 - non-static oop maps: 
stack at sp + 4 slots: 0x00007fd3b6246500 is pointing into the stack for thread: 0x00007fd3d00b21d0
stack at sp + 5 slots: 0x00007fd3d68e92fe: <offset 0x000000000093e2fe> in /nix/store/gpxl5qgg8kicmcvivwmybwjlpf7wh20l-graalvm17-ce-22.3.0/lib/server/libjvm.so at 0x00007fd3d5fab000
stack at sp + 6 slots: 0x00007fd3b62463e0 is pointing into the stack for thread: 0x00007fd3d00b21d0
stack at sp + 7 slots: 0x00007fd3b6246440 is pointing into the stack for thread: 0x00007fd3d00b21d0


---------------  P R O C E S S  ---------------

Threads class SMR info:
_java_thread_list=0x00007fd31c000b70, length=27, elements={
0x00007fd3d0026690, 0x00007fd3d00a64d0, 0x00007fd3d00a7910, 0x00007fd3d00ae040,
0x00007fd3d00af3f0, 0x00007fd3d00b07e0, 0x00007fd3d00b21d0, 0x00007fd3d00b36e0,
0x00007fd3d00b4b30, 0x00007fd3d00e01f0, 0x00007fd3d01282a0, 0x00007fd3d034cbf0,
0x00007fd3d0380f10, 0x00007fd3d0382a60, 0x00007fd3d06476c0, 0x00007fd364016df0,
0x00007fd3642e2360, 0x00007fd3644c20c0, 0x00007fd36462f650, 0x00007fd3d00bc550,
0x00007fd3d04e3470, 0x00007fd34c001230, 0x00007fd340000ff0, 0x00007fd3400fe7a0,
0x00007fd338453e20, 0x00007fd33403a750, 0x00007fd33c039970
}

Java Threads: ( => current thread )
  0x00007fd3d0026690 JavaThread "main" [_thread_blocked, id=36, stack(0x00007fd3d5dc6000,0x00007fd3d5ec6000)]
  0x00007fd3d00a64d0 JavaThread "Reference Handler" daemon [_thread_blocked, id=39, stack(0x00007fd3b692e000,0x00007fd3b6a2e000)]
  0x00007fd3d00a7910 JavaThread "Finalizer" daemon [_thread_blocked, id=40, stack(0x00007fd3b682e000,0x00007fd3b692e000)]
  0x00007fd3d00ae040 JavaThread "Signal Dispatcher" daemon [_thread_blocked, id=41, stack(0x00007fd3b6448000,0x00007fd3b6548000)]
  0x00007fd3d00af3f0 JavaThread "Service Thread" daemon [_thread_blocked, id=42, stack(0x00007fd3b6348000,0x00007fd3b6448000)]
  0x00007fd3d00b07e0 JavaThread "Monitor Deflation Thread" daemon [_thread_blocked, id=43, stack(0x00007fd3b6248000,0x00007fd3b6348000)]
=>0x00007fd3d00b21d0 JavaThread "JVMCI-native CompilerThread0" daemon [_thread_in_vm, id=44, stack(0x00007fd3b6048000,0x00007fd3b6248000)]
  0x00007fd3d00b36e0 JavaThread "C1 CompilerThread0" daemon [_thread_blocked, id=45, stack(0x00007fd3b5e48000,0x00007fd3b6048000)]
  0x00007fd3d00b4b30 JavaThread "Sweeper thread" daemon [_thread_blocked, id=46, stack(0x00007fd3b5d48000,0x00007fd3b5e48000)]
  0x00007fd3d00e01f0 JavaThread "Common-Cleaner" daemon [_thread_blocked, id=47, stack(0x00007fd3b5c48000,0x00007fd3b5d48000)]
  0x00007fd3d01282a0 JavaThread "Notification Thread" daemon [_thread_blocked, id=48, stack(0x00007fd3b5b48000,0x00007fd3b5c48000)]
  0x00007fd3d034cbf0 JavaThread "Active Thread: Equinox Container: 289215a1-d26c-4e61-a22e-599f6c732262" [_thread_blocked, id=60, stack(0x00007fd3b4800000,0x00007fd3b4900000)]
  0x00007fd3d0380f10 JavaThread "Framework Event Dispatcher: Equinox Container: 289215a1-d26c-4e61-a22e-599f6c732262" daemon [_thread_blocked, id=61, stack(0x00007fd3b4600000,0x00007fd3b4700000)]
  0x00007fd3d0382a60 JavaThread "Start Level: Equinox Container: 289215a1-d26c-4e61-a22e-599f6c732262" daemon [_thread_blocked, id=62, stack(0x00007fd3b4400000,0x00007fd3b4500000)]
  0x00007fd3d06476c0 JavaThread "Refresh Thread: Equinox Container: 289215a1-d26c-4e61-a22e-599f6c732262" daemon [_thread_blocked, id=71, stack(0x00007fd3b4200000,0x00007fd3b4300000)]
  0x00007fd364016df0 JavaThread "SCR Component Actor" daemon [_thread_blocked, id=72, stack(0x00007fd3b4000000,0x00007fd3b4100000)]
  0x00007fd3642e2360 JavaThread "Worker-JM" [_thread_blocked, id=81, stack(0x00007fd37da00000,0x00007fd37db00000)]
  0x00007fd3644c20c0 JavaThread "Java indexing" daemon [_thread_blocked, id=85, stack(0x00007fd37d500000,0x00007fd37d600000)]
  0x00007fd36462f650 JavaThread "Bundle File Closer" daemon [_thread_blocked, id=86, stack(0x00007fd37d300000,0x00007fd37d400000)]
  0x00007fd3d00bc550 JavaThread "pool-3-thread-1" [_thread_blocked, id=87, stack(0x00007fd37d100000,0x00007fd37d200000)]
  0x00007fd3d04e3470 JavaThread "pool-2-thread-1" [_thread_blocked, id=96, stack(0x00007fd37cf00000,0x00007fd37d000000)]
  0x00007fd34c001230 JavaThread "Worker-2: Java indexing... " [_thread_blocked, id=97, stack(0x00007fd37cd00000,0x00007fd37ce00000)]
  0x00007fd340000ff0 JavaThread "Worker-3: Compacting resource model" [_thread_blocked, id=98, stack(0x00007fd37cb00000,0x00007fd37cc00000)]
  0x00007fd3400fe7a0 JavaThread "Worker-5" [_thread_blocked, id=118, stack(0x00007fd37c700000,0x00007fd37c800000)]
  0x00007fd338453e20 JavaThread "Okio Watchdog" daemon [_thread_blocked, id=177, stack(0x00007fd3b4100000,0x00007fd3b4200000)]
  0x00007fd33403a750 JavaThread "Worker-6: Publish Diagnostics" [_thread_blocked, id=229, stack(0x00007fd37c500000,0x00007fd37c600000)]
  0x00007fd33c039970 JavaThread "Thread-14" [_thread_blocked, id=354, stack(0x00007fd37cc00000,0x00007fd37cd00000)]

Other Threads:
  0x00007fd3d00a1c10 VMThread "VM Thread" [stack: 0x00007fd3b6a30000,0x00007fd3b6b30000] [id=38] _threads_hazard_ptr=0x00007fd31c000b70
  0x00007fd3d012a030 WatcherThread [stack: 0x00007fd3b5a48000,0x00007fd3b5b48000] [id=49]
  0x00007fd3d003df30 GCTaskThread "GC Thread#0" [stack: 0x00007fd3d5989000,0x00007fd3d5a89000] [id=37]

Threads with active compile tasks:
JVMCI-native CompilerThread0  1252056 9906  s    4       org.eclipse.jdt.internal.core.JavaModelManager::getInfo (36 bytes)

VM state: synchronizing (normal execution)

VM Mutex/Monitor currently owned by a thread:  ([mutex/lock_event])
[0x00007fd3d0023840] Threads_lock - owner thread: 0x00007fd3d00a1c10
[0x00007fd3d0023ff0] Heap_lock - owner thread: 0x00007fd34c001230

OutOfMemory and StackOverflow Exception counts:
OutOfMemoryError java_heap_errors=1
LinkageErrors=68

Heap address: 0x00000000e0000000, size: 512 MB, Compressed Oops mode: 32-bit

CDS archive(s) mapped at: [0x0000000800000000-0x0000000800bc8000-0x0000000800bc8000), size 12353536, SharedBaseAddress: 0x0000000800000000, ArchiveRelocationMode: 0.
Compressed class space mapped at: 0x0000000800c00000-0x0000000840c00000, reserved size: 1073741824
Narrow klass base: 0x0000000800000000, Narrow klass shift: 0, Narrow klass range: 0x100000000

GC Precious Log:
 CPUs: 8 total, 1 available
 Memory: 1024M
 Large Page Support: Disabled
 NUMA Support: Disabled
 Compressed Oops: Enabled (32-bit)
 Alignments: Space 512K, Generation 512K, Heap 2M
 Heap Min Capacity: 100M
 Heap Initial Capacity: 100M
 Heap Max Capacity: 512M
 Pre-touch: Disabled
 Parallel Workers: 1

Heap:
 PSYoungGen      total 37376K, used 21503K [0x00000000f5580000, 0x00000000f8b80000, 0x0000000100000000)
  eden space 21504K, 99% used [0x00000000f5580000,0x00000000f6a7fff8,0x00000000f6a80000)
  from space 15872K, 0% used [0x00000000f7c00000,0x00000000f7c00000,0x00000000f8b80000)
  to   space 13824K, 0% used [0x00000000f6a80000,0x00000000f6a80000,0x00000000f7800000)
 ParOldGen       total 349696K, used 349691K [0x00000000e0000000, 0x00000000f5580000, 0x00000000f5580000)
  object space 349696K, 99% used [0x00000000e0000000,0x00000000f557eeb0,0x00000000f5580000)
 Metaspace       used 61090K, committed 62080K, reserved 1105920K
  class space    used 6018K, committed 6400K, reserved 1048576K

Card table byte_map: [0x00007fd3d5a89000,0x00007fd3d5b8a000] _byte_map_base: 0x00007fd3d5389000

Marking Bits: (ParMarkBitMap*) 0x00007fd3d71d94c0
 Begin Bits: [0x00007fd3d48dc000, 0x00007fd3d50dc000)
 End Bits:   [0x00007fd3d50dc000, 0x00007fd3d58dc000)

Polling page: 0x00007fd3d5da3000

Metaspace:

Usage:
  Non-class:     53.78 MB used.
      Class:      5.88 MB used.
       Both:     59.66 MB used.

Virtual space:
  Non-class space:       56.00 MB reserved,      54.38 MB ( 97%) committed,  7 nodes.
      Class space:        1.00 GB reserved,       6.25 MB ( <1%) committed,  1 nodes.
             Both:        1.05 GB reserved,      60.62 MB (  6%) committed. 

Chunk freelists:
   Non-Class:  1.27 MB
       Class:  1.78 MB
        Both:  3.05 MB

MaxMetaspaceSize: unlimited
CompressedClassSpaceSize: 1.00 GB
Initial GC threshold: 21.00 MB
Current GC threshold: 100.94 MB
CDS: on
MetaspaceReclaimPolicy: balanced
 - commit_granule_bytes: 65536.
 - commit_granule_words: 8192.
 - virtual_space_node_default_size: 1048576.
 - enlarge_chunks_in_place: 1.
 - new_chunks_are_fully_committed: 0.
 - uncommit_free_chunks: 1.
 - use_allocation_guard: 0.
 - handle_deallocations: 1.


Internal statistics:

num_allocs_failed_limit: 6.
num_arena_births: 514.
num_arena_deaths: 152.
num_vsnodes_births: 8.
num_vsnodes_deaths: 0.
num_space_committed: 969.
num_space_uncommitted: 0.
num_chunks_returned_to_freelist: 215.
num_chunks_taken_from_freelist: 2902.
num_chunk_merges: 85.
num_chunk_splits: 1901.
num_chunks_enlarged: 1206.
num_purges: 4.
num_inconsistent_stats: 0.

CodeHeap 'non-profiled nmethods': size=120036Kb used=2603Kb max_used=2603Kb free=117432Kb
 bounds [0x00007fd3bef7a000, 0x00007fd3bf20a000, 0x00007fd3c64b3000]
CodeHeap 'profiled nmethods': size=120032Kb used=17449Kb max_used=17449Kb free=102582Kb
 bounds [0x00007fd3b7a42000, 0x00007fd3b8b52000, 0x00007fd3bef7a000]
CodeHeap 'non-nmethods': size=5692Kb used=1398Kb max_used=1404Kb free=4293Kb
 bounds [0x00007fd3b74b3000, 0x00007fd3b7723000, 0x00007fd3b7a42000]
 total_blobs=8434 nmethods=7696 adapters=632
 compilation: enabled
              stopped_count=0, restarted_count=0
 full_count=0

JVMCI Events (20 events):
Event: 1049.916 Thread 0x00007fd3d00b21d0 releasing handles for JVMCI runtime 0: oop handles=43, metadata handles={total=86, live=75, blocks=33}
Event: 1049.916 Thread 0x00007fd3d00b21d0 detached from JVMCI runtime 0
Event: 1059.840 Thread 0x00007fd3d00b21d0 attached to JVMCI runtime 0
Event: 1059.841 Thread 0x00007fd3d00b21d0 created JavaVM[8]@0x00007fd37be9e340 for JVMCI runtime 0
Event: 1061.104 Thread 0x00007fd3d00b21d0 initializing JVMCI runtime 0
Event: 1061.104 Thread 0x00007fd3d00b21d0 done waiting for JavaVM references initialization in JVMCI runtime 0
Event: 1101.104 Thread 0x00007fd3d00b21d0 initialized JVMCI runtime 0
Event: 1145.318 Thread 0x00007fd3d00b21d0 compacted oop handles in JVMCI runtime 0 from 220 to 107
Event: 1145.318 Thread 0x00007fd3d00b21d0 compacted oop handles in JVMCI runtime 0 from 108 to 86
Event: 1149.319 Thread 0x00007fd3d00b21d0 detaching from JVMCI runtime 0: releasing idle compiler thread (0 other threads still attached)
Event: 1149.319 Thread 0x00007fd3d00b21d0 shutting down HotSpotJVMCIRuntime for JVMCI runtime 0
Event: 1149.319 Thread 0x00007fd3d00b21d0 shut down JVMCI runtime 0
Event: 1150.701 Thread 0x00007fd3d00b21d0 destroyed JavaVM[8]@0x00007fd37be9e340 for JVMCI runtime 0
Event: 1150.701 Thread 0x00007fd3d00b21d0 compacted oop handles in JVMCI runtime 0 from 93 to 93
Event: 1150.701 Thread 0x00007fd3d00b21d0 releasing handles for JVMCI runtime 0: oop handles=93, metadata handles={total=192, live=185, blocks=33}
Event: 1150.701 Thread 0x00007fd3d00b21d0 detached from JVMCI runtime 0
Event: 1196.717 Thread 0x00007fd3d00b21d0 attached to JVMCI runtime 0
Event: 1196.719 Thread 0x00007fd3d00b21d0 created JavaVM[9]@0x00007fd37be9e340 for JVMCI runtime 0
Event: 1197.835 Thread 0x00007fd3d00b21d0 initializing JVMCI runtime 0
Event: 1197.835 Thread 0x00007fd3d00b21d0 done waiting for JavaVM references initialization in JVMCI runtime 0

Compilation events (20 events):
Event: 828.138 Thread 0x00007fd3d00b21d0 nmethod 9894 0x00007fd3bf201190 code [0x00007fd3bf201320, 0x00007fd3bf2014a8]
Event: 831.624 Thread 0x00007fd3d00b21d0 9897       4       java.lang.AbstractStringBuilder::newCapacity (59 bytes)
Event: 858.625 Thread 0x00007fd3d00b21d0 nmethod 9897 0x00007fd3bf201610 code [0x00007fd3bf201780, 0x00007fd3bf201858]
Event: 858.625 Thread 0x00007fd3d00b21d0 9898       4       org.eclipse.jdt.internal.compiler.lookup.LookupEnvironment::getCachedType0 (112 bytes)
Event: 871.060 Thread 0x00007fd3d00b21d0 nmethod 9898 0x00007fd3bf201990 code [0x00007fd3bf201bc0, 0x00007fd3bf202c00]
Event: 986.773 Thread 0x00007fd3d00b36e0 9899       3       org.eclipse.jdt.internal.core.util.LRUCache::updateTimestamp (36 bytes)
Event: 987.987 Thread 0x00007fd3d00b36e0 nmethod 9899 0x00007fd3b8b4bc90 code [0x00007fd3b8b4be40, 0x00007fd3b8b4c3f0]
Event: 1030.243 Thread 0x00007fd3d00b21d0 9900       4       org.eclipse.jdt.internal.compiler.lookup.TypeBinding::notEquals (41 bytes)
Event: 1048.733 Thread 0x00007fd3d00b21d0 nmethod 9900 0x00007fd3bf203410 code [0x00007fd3bf203580, 0x00007fd3bf203658]
Event: 1059.840 Thread 0x00007fd3d00b21d0 9901       4       org.eclipse.jdt.internal.compiler.lookup.LookupEnvironment::getTypeFromCompoundName (152 bytes)
Event: 1079.610 Thread 0x00007fd3d00b36e0 9902       3       java.util.concurrent.ThreadPoolExecutor::workerCountOf (5 bytes)
Event: 1081.921 Thread 0x00007fd3d00b36e0 nmethod 9902 0x00007fd3b8771c90 code [0x00007fd3b8771e20, 0x00007fd3b8771f10]
Event: 1145.318 Thread 0x00007fd3d00b21d0 nmethod 9901 0x00007fd3bf203790 code [0x00007fd3bf2039a0, 0x00007fd3bf203ea0]
Event: 1145.318 Thread 0x00007fd3d00b21d0 9903  s    4       java.io.ByteArrayOutputStream::write (43 bytes)
Event: 1148.019 Thread 0x00007fd3d00b21d0 nmethod 9903 0x00007fd3bf204510 code [0x00007fd3bf2046c0, 0x00007fd3bf204ac0]
Event: 1194.259 Thread 0x00007fd3d00b36e0 9904       3       java.util.concurrent.ScheduledThreadPoolExecutor$DelayedWorkQueue::setIndex (16 bytes)
Event: 1195.443 Thread 0x00007fd3d00b36e0 nmethod 9904 0x00007fd3b8b4c510 code [0x00007fd3b8b4c6c0, 0x00007fd3b8b4cc90]
Event: 1196.717 Thread 0x00007fd3d00b21d0 9906  s    4       org.eclipse.jdt.internal.core.JavaModelManager::getInfo (36 bytes)
Event: 1228.134 Thread 0x00007fd3d00b36e0 9907       3       java.util.concurrent.locks.AbstractQueuedSynchronizer$ConditionObject::canReacquire (28 bytes)
Event: 1228.135 Thread 0x00007fd3d00b36e0 nmethod 9907 0x00007fd3b8b4cd90 code [0x00007fd3b8b4cf40, 0x00007fd3b8b4d290]

GC Heap History (20 events):
Event: 1239.721 GC heap before
{Heap before GC invocations=1150 (full 1054):
 PSYoungGen      total 37376K, used 21503K [0x00000000f5580000, 0x00000000f8b80000, 0x0000000100000000)
  eden space 21504K, 99% used [0x00000000f5580000,0x00000000f6a7fff8,0x00000000f6a80000)
  from space 15872K, 0% used [0x00000000f7c00000,0x00000000f7c00000,0x00000000f8b80000)
  to   space 13824K, 0% used [0x00000000f6a80000,0x00000000f6a80000,0x00000000f7800000)
 ParOldGen       total 349696K, used 349693K [0x00000000e0000000, 0x00000000f5580000, 0x00000000f5580000)
  object space 349696K, 99% used [0x00000000e0000000,0x00000000f557f420,0x00000000f5580000)
 Metaspace       used 61090K, committed 62080K, reserved 1105920K
  class space    used 6018K, committed 6400K, reserved 1048576K
}
Event: 1240.959 GC heap after
{Heap after GC invocations=1150 (full 1054):
 PSYoungGen      total 35328K, used 21503K [0x00000000f5580000, 0x00000000f8b80000, 0x0000000100000000)
  eden space 21504K, 99% used [0x00000000f5580000,0x00000000f6a7fff8,0x00000000f6a80000)
  from space 13824K, 0% used [0x00000000f6a80000,0x00000000f6a80000,0x00000000f7800000)
  to   space 15872K, 0% used [0x00000000f7c00000,0x00000000f7c00000,0x00000000f8b80000)
 ParOldGen       total 349696K, used 349693K [0x00000000e0000000, 0x00000000f5580000, 0x00000000f5580000)
  object space 349696K, 99% used [0x00000000e0000000,0x00000000f557f420,0x00000000f5580000)
 Metaspace       used 61090K, committed 62080K, reserved 1105920K
  class space    used 6018K, committed 6400K, reserved 1048576K
}
Event: 1240.960 GC heap before
{Heap before GC invocations=1151 (full 1055):
 PSYoungGen      total 35328K, used 21503K [0x00000000f5580000, 0x00000000f8b80000, 0x0000000100000000)
  eden space 21504K, 99% used [0x00000000f5580000,0x00000000f6a7fff8,0x00000000f6a80000)
  from space 13824K, 0% used [0x00000000f6a80000,0x00000000f6a80000,0x00000000f7800000)
  to   space 15872K, 0% used [0x00000000f7c00000,0x00000000f7c00000,0x00000000f8b80000)
 ParOldGen       total 349696K, used 349695K [0x00000000e0000000, 0x00000000f5580000, 0x00000000f5580000)
  object space 349696K, 99% used [0x00000000e0000000,0x00000000f557fde0,0x00000000f5580000)
 Metaspace       used 61090K, committed 62080K, reserved 1105920K
  class space    used 6018K, committed 6400K, reserved 1048576K
}
Event: 1242.224 GC heap after
{Heap after GC invocations=1151 (full 1055):
 PSYoungGen      total 37376K, used 21503K [0x00000000f5580000, 0x00000000f8b80000, 0x0000000100000000)
  eden space 21504K, 99% used [0x00000000f5580000,0x00000000f6a7ff78,0x00000000f6a80000)
  from space 15872K, 0% used [0x00000000f7c00000,0x00000000f7c00000,0x00000000f8b80000)
  to   space 13824K, 0% used [0x00000000f6a80000,0x00000000f6a80000,0x00000000f7800000)
 ParOldGen       total 349696K, used 349693K [0x00000000e0000000, 0x00000000f5580000, 0x00000000f5580000)
  object space 349696K, 99% used [0x00000000e0000000,0x00000000f557f480,0x00000000f5580000)
 Metaspace       used 61090K, committed 62080K, reserved 1105920K
  class space    used 6018K, committed 6400K, reserved 1048576K
}
Event: 1242.224 GC heap before
{Heap before GC invocations=1152 (full 1056):
 PSYoungGen      total 37376K, used 21503K [0x00000000f5580000, 0x00000000f8b80000, 0x0000000100000000)
  eden space 21504K, 99% used [0x00000000f5580000,0x00000000f6a7ffe8,0x00000000f6a80000)
  from space 15872K, 0% used [0x00000000f7c00000,0x00000000f7c00000,0x00000000f8b80000)
  to   space 13824K, 0% used [0x00000000f6a80000,0x00000000f6a80000,0x00000000f7800000)
 ParOldGen       total 349696K, used 349693K [0x00000000e0000000, 0x00000000f5580000, 0x00000000f5580000)
  object space 349696K, 99% used [0x00000000e0000000,0x00000000f557f480,0x00000000f5580000)
 Metaspace       used 61090K, committed 62080K, reserved 1105920K
  class space    used 6018K, committed 6400K, reserved 1048576K
}
Event: 1243.461 GC heap after
{Heap after GC invocations=1152 (full 1056):
 PSYoungGen      total 35328K, used 21503K [0x00000000f5580000, 0x00000000f8b80000, 0x0000000100000000)
  eden space 21504K, 99% used [0x00000000f5580000,0x00000000f6a7ffb8,0x00000000f6a80000)
  from space 13824K, 0% used [0x00000000f6a80000,0x00000000f6a80000,0x00000000f7800000)
  to   space 15872K, 0% used [0x00000000f7c00000,0x00000000f7c00000,0x00000000f8b80000)
 ParOldGen       total 349696K, used 349693K [0x00000000e0000000, 0x00000000f5580000, 0x00000000f5580000)
  object space 349696K, 99% used [0x00000000e0000000,0x00000000f557f430,0x00000000f5580000)
 Metaspace       used 61090K, committed 62080K, reserved 1105920K
  class space    used 6018K, committed 6400K, reserved 1048576K
}
Event: 1243.461 GC heap before
{Heap before GC invocations=1153 (full 1057):
 PSYoungGen      total 35328K, used 21503K [0x00000000f5580000, 0x00000000f8b80000, 0x0000000100000000)
  eden space 21504K, 99% used [0x00000000f5580000,0x00000000f6a7fff8,0x00000000f6a80000)
  from space 13824K, 0% used [0x00000000f6a80000,0x00000000f6a80000,0x00000000f7800000)
  to   space 15872K, 0% used [0x00000000f7c00000,0x00000000f7c00000,0x00000000f8b80000)
 ParOldGen       total 349696K, used 349693K [0x00000000e0000000, 0x00000000f5580000, 0x00000000f5580000)
  object space 349696K, 99% used [0x00000000e0000000,0x00000000f557f430,0x00000000f5580000)
 Metaspace       used 61090K, committed 62080K, reserved 1105920K
  class space    used 6018K, committed 6400K, reserved 1048576K
}
Event: 1244.708 GC heap after
{Heap after GC invocations=1153 (full 1057):
 PSYoungGen      total 37376K, used 21503K [0x00000000f5580000, 0x00000000f8b80000, 0x0000000100000000)
  eden space 21504K, 99% used [0x00000000f5580000,0x00000000f6a7ffd8,0x00000000f6a80000)
  from space 15872K, 0% used [0x00000000f7c00000,0x00000000f7c00000,0x00000000f8b80000)
  to   space 13824K, 0% used [0x00000000f6a80000,0x00000000f6a80000,0x00000000f7800000)
 ParOldGen       total 349696K, used 349693K [0x00000000e0000000, 0x00000000f5580000, 0x00000000f5580000)
  object space 349696K, 99% used [0x00000000e0000000,0x00000000f557f430,0x00000000f5580000)
 Metaspace       used 61090K, committed 62080K, reserved 1105920K
  class space    used 6018K, committed 6400K, reserved 1048576K
}
Event: 1244.709 GC heap before
{Heap before GC invocations=1154 (full 1058):
 PSYoungGen      total 37376K, used 21503K [0x00000000f5580000, 0x00000000f8b80000, 0x0000000100000000)
  eden space 21504K, 99% used [0x00000000f5580000,0x00000000f6a7fff0,0x00000000f6a80000)
  from space 15872K, 0% used [0x00000000f7c00000,0x00000000f7c00000,0x00000000f8b80000)
  to   space 13824K, 0% used [0x00000000f6a80000,0x00000000f6a80000,0x00000000f7800000)
 ParOldGen       total 349696K, used 349693K [0x00000000e0000000, 0x00000000f5580000, 0x00000000f5580000)
  object space 349696K, 99% used [0x00000000e0000000,0x00000000f557f430,0x00000000f5580000)
 Metaspace       used 61090K, committed 62080K, reserved 1105920K
  class space    used 6018K, committed 6400K, reserved 1048576K
}
Event: 1245.931 GC heap after
{Heap after GC invocations=1154 (full 1058):
 PSYoungGen      total 35328K, used 21503K [0x00000000f5580000, 0x00000000f8b80000, 0x0000000100000000)
  eden space 21504K, 99% used [0x00000000f5580000,0x00000000f6a7fff0,0x00000000f6a80000)
  from space 13824K, 0% used [0x00000000f6a80000,0x00000000f6a80000,0x00000000f7800000)
  to   space 15872K, 0% used [0x00000000f7c00000,0x00000000f7c00000,0x00000000f8b80000)
 ParOldGen       total 349696K, used 349693K [0x00000000e0000000, 0x00000000f5580000, 0x00000000f5580000)
  object space 349696K, 99% used [0x00000000e0000000,0x00000000f557f430,0x00000000f5580000)
 Metaspace       used 61090K, committed 62080K, reserved 1105920K
  class space    used 6018K, committed 6400K, reserved 1048576K
}
Event: 1245.931 GC heap before
{Heap before GC invocations=1155 (full 1059):
 PSYoungGen      total 35328K, used 21504K [0x00000000f5580000, 0x00000000f8b80000, 0x0000000100000000)
  eden space 21504K, 100% used [0x00000000f5580000,0x00000000f6a80000,0x00000000f6a80000)
  from space 13824K, 0% used [0x00000000f6a80000,0x00000000f6a80000,0x00000000f7800000)
  to   space 15872K, 0% used [0x00000000f7c00000,0x00000000f7c00000,0x00000000f8b80000)
 ParOldGen       total 349696K, used 349693K [0x00000000e0000000, 0x00000000f5580000, 0x00000000f5580000)
  object space 349696K, 99% used [0x00000000e0000000,0x00000000f557f508,0x00000000f5580000)
 Metaspace       used 61090K, committed 62080K, reserved 1105920K
  class space    used 6018K, committed 6400K, reserved 1048576K
}
Event: 1247.228 GC heap after
{Heap after GC invocations=1155 (full 1059):
 PSYoungGen      total 37376K, used 21503K [0x00000000f5580000, 0x00000000f8b80000, 0x0000000100000000)
  eden space 21504K, 99% used [0x00000000f5580000,0x00000000f6a7ffd0,0x00000000f6a80000)
  from space 15872K, 0% used [0x00000000f7c00000,0x00000000f7c00000,0x00000000f8b80000)
  to   space 13824K, 0% used [0x00000000f6a80000,0x00000000f6a80000,0x00000000f7800000)
 ParOldGen       total 349696K, used 349693K [0x00000000e0000000, 0x00000000f5580000, 0x00000000f5580000)
  object space 349696K, 99% used [0x00000000e0000000,0x00000000f557f468,0x00000000f5580000)
 Metaspace       used 61090K, committed 62080K, reserved 1105920K
  class space    used 6018K, committed 6400K, reserved 1048576K
}
Event: 1247.228 GC heap before
{Heap before GC invocations=1156 (full 1060):
 PSYoungGen      total 37376K, used 21503K [0x00000000f5580000, 0x00000000f8b80000, 0x0000000100000000)
  eden space 21504K, 99% used [0x00000000f5580000,0x00000000f6a7fff8,0x00000000f6a80000)
  from space 15872K, 0% used [0x00000000f7c00000,0x00000000f7c00000,0x00000000f8b80000)
  to   space 13824K, 0% used [0x00000000f6a80000,0x00000000f6a80000,0x00000000f7800000)
 ParOldGen       total 349696K, used 349696K [0x00000000e0000000, 0x00000000f5580000, 0x00000000f5580000)
  object space 349696K, 100% used [0x00000000e0000000,0x00000000f5580000,0x00000000f5580000)
 Metaspace       used 61090K, committed 62080K, reserved 1105920K
  class space    used 6018K, committed 6400K, reserved 1048576K
}
Event: 1248.313 GC heap after
{Heap after GC invocations=1156 (full 1060):
 PSYoungGen      total 35328K, used 21503K [0x00000000f5580000, 0x00000000f8b80000, 0x0000000100000000)
  eden space 21504K, 99% used [0x00000000f5580000,0x00000000f6a7ffb8,0x00000000f6a80000)
  from space 13824K, 0% used [0x00000000f6a80000,0x00000000f6a80000,0x00000000f7800000)
  to   space 15872K, 0% used [0x00000000f7c00000,0x00000000f7c00000,0x00000000f8b80000)
 ParOldGen       total 349696K, used 349696K [0x00000000e0000000, 0x00000000f5580000, 0x00000000f5580000)
  object space 349696K, 100% used [0x00000000e0000000,0x00000000f5580000,0x00000000f5580000)
 Metaspace       used 61090K, committed 62080K, reserved 1105920K
  class space    used 6018K, committed 6400K, reserved 1048576K
}
Event: 1248.313 GC heap before
{Heap before GC invocations=1157 (full 1061):
 PSYoungGen      total 35328K, used 21503K [0x00000000f5580000, 0x00000000f8b80000, 0x0000000100000000)
  eden space 21504K, 99% used [0x00000000f5580000,0x00000000f6a7fff8,0x00000000f6a80000)
  from space 13824K, 0% used [0x00000000f6a80000,0x00000000f6a80000,0x00000000f7800000)
  to   space 15872K, 0% used [0x00000000f7c00000,0x00000000f7c00000,0x00000000f8b80000)
 ParOldGen       total 349696K, used 349696K [0x00000000e0000000, 0x00000000f5580000, 0x00000000f5580000)
  object space 349696K, 100% used [0x00000000e0000000,0x00000000f5580000,0x00000000f5580000)
 Metaspace       used 61090K, committed 62080K, reserved 1105920K
  class space    used 6018K, committed 6400K, reserved 1048576K
}
Event: 1249.543 GC heap after
{Heap after GC invocations=1157 (full 1061):
 PSYoungGen      total 37376K, used 21503K [0x00000000f5580000, 0x00000000f8b80000, 0x0000000100000000)
  eden space 21504K, 99% used [0x00000000f5580000,0x00000000f6a7fff8,0x00000000f6a80000)
  from space 15872K, 0% used [0x00000000f7c00000,0x00000000f7c00000,0x00000000f8b80000)
  to   space 13824K, 0% used [0x00000000f6a80000,0x00000000f6a80000,0x00000000f7800000)
 ParOldGen       total 349696K, used 349696K [0x00000000e0000000, 0x00000000f5580000, 0x00000000f5580000)
  object space 349696K, 100% used [0x00000000e0000000,0x00000000f5580000,0x00000000f5580000)
 Metaspace       used 61090K, committed 62080K, reserved 1105920K
  class space    used 6018K, committed 6400K, reserved 1048576K
}
Event: 1249.543 GC heap before
{Heap before GC invocations=1158 (full 1062):
 PSYoungGen      total 37376K, used 21503K [0x00000000f5580000, 0x00000000f8b80000, 0x0000000100000000)
  eden space 21504K, 99% used [0x00000000f5580000,0x00000000f6a7fff8,0x00000000f6a80000)
  from space 15872K, 0% used [0x00000000f7c00000,0x00000000f7c00000,0x00000000f8b80000)
  to   space 13824K, 0% used [0x00000000f6a80000,0x00000000f6a80000,0x00000000f7800000)
 ParOldGen       total 349696K, used 349696K [0x00000000e0000000, 0x00000000f5580000, 0x00000000f5580000)
  object space 349696K, 100% used [0x00000000e0000000,0x00000000f5580000,0x00000000f5580000)
 Metaspace       used 61090K, committed 62080K, reserved 1105920K
  class space    used 6018K, committed 6400K, reserved 1048576K
}
Event: 1250.713 GC heap after
{Heap after GC invocations=1158 (full 1062):
 PSYoungGen      total 35328K, used 21503K [0x00000000f5580000, 0x00000000f8b80000, 0x0000000100000000)
  eden space 21504K, 99% used [0x00000000f5580000,0x00000000f6a7fff8,0x00000000f6a80000)
  from space 13824K, 0% used [0x00000000f6a80000,0x00000000f6a80000,0x00000000f7800000)
  to   space 15872K, 0% used [0x00000000f7c00000,0x00000000f7c00000,0x00000000f8b80000)
 ParOldGen       total 349696K, used 349696K [0x00000000e0000000, 0x00000000f5580000, 0x00000000f5580000)
  object space 349696K, 100% used [0x00000000e0000000,0x00000000f5580000,0x00000000f5580000)
 Metaspace       used 61090K, committed 62080K, reserved 1105920K
  class space    used 6018K, committed 6400K, reserved 1048576K
}
Event: 1250.713 GC heap before
{Heap before GC invocations=1159 (full 1063):
 PSYoungGen      total 35328K, used 21503K [0x00000000f5580000, 0x00000000f8b80000, 0x0000000100000000)
  eden space 21504K, 99% used [0x00000000f5580000,0x00000000f6a7fff8,0x00000000f6a80000)
  from space 13824K, 0% used [0x00000000f6a80000,0x00000000f6a80000,0x00000000f7800000)
  to   space 15872K, 0% used [0x00000000f7c00000,0x00000000f7c00000,0x00000000f8b80000)
 ParOldGen       total 349696K, used 349696K [0x00000000e0000000, 0x00000000f5580000, 0x00000000f5580000)
  object space 349696K, 100% used [0x00000000e0000000,0x00000000f5580000,0x00000000f5580000)
 Metaspace       used 61090K, committed 62080K, reserved 1105920K
  class space    used 6018K, committed 6400K, reserved 1048576K
}
Event: 1252.004 GC heap after
{Heap after GC invocations=1159 (full 1063):
 PSYoungGen      total 37376K, used 21503K [0x00000000f5580000, 0x00000000f8b80000, 0x0000000100000000)
  eden space 21504K, 99% used [0x00000000f5580000,0x00000000f6a7ff90,0x00000000f6a80000)
  from space 15872K, 0% used [0x00000000f7c00000,0x00000000f7c00000,0x00000000f8b80000)
  to   space 13824K, 0% used [0x00000000f6a80000,0x00000000f6a80000,0x00000000f7800000)
 ParOldGen       total 349696K, used 349691K [0x00000000e0000000, 0x00000000f5580000, 0x00000000f5580000)
  object space 349696K, 99% used [0x00000000e0000000,0x00000000f557eeb0,0x00000000f5580000)
 Metaspace       used 61090K, committed 62080K, reserved 1105920K
  class space    used 6018K, committed 6400K, reserved 1048576K
}

Dll operation events (9 events):
Event: 0.074 Loaded shared library /nix/store/gpxl5qgg8kicmcvivwmybwjlpf7wh20l-graalvm17-ce-22.3.0/lib/libjava.so
Event: 0.190 Loaded shared library /nix/store/gpxl5qgg8kicmcvivwmybwjlpf7wh20l-graalvm17-ce-22.3.0/lib/libjsvml.so
Event: 0.331 Loaded shared library /nix/store/gpxl5qgg8kicmcvivwmybwjlpf7wh20l-graalvm17-ce-22.3.0/lib/libnio.so
Event: 0.339 Loaded shared library /nix/store/gpxl5qgg8kicmcvivwmybwjlpf7wh20l-graalvm17-ce-22.3.0/lib/libzip.so
Event: 0.410 Loaded shared library /nix/store/gpxl5qgg8kicmcvivwmybwjlpf7wh20l-graalvm17-ce-22.3.0/lib/libjvmcicompiler.so
Event: 0.774 Loaded shared library /nix/store/gpxl5qgg8kicmcvivwmybwjlpf7wh20l-graalvm17-ce-22.3.0/lib/libjimage.so
Event: 1.033 Loaded shared library /nix/store/gpxl5qgg8kicmcvivwmybwjlpf7wh20l-graalvm17-ce-22.3.0/lib/libnet.so
Event: 4.118 Loaded shared library /home/runner/.cache/jdt-language-server/config/org.eclipse.equinox.launcher/org.eclipse.equinox.launcher.gtk.linux.x86_64_1.2.400.v20211117-0650/eclipse_11600.so
Event: 10.724 Loaded shared library /nix/store/gpxl5qgg8kicmcvivwmybwjlpf7wh20l-graalvm17-ce-22.3.0/lib/libextnet.so

Deoptimization events (20 events):
Event: 58.736 Thread 0x00007fd3644c20c0 DEOPT PACKING pc=0x00007fd3b8492edd sp=0x00007fd37d5fe530
Event: 58.736 Thread 0x00007fd3644c20c0 DEOPT UNPACKING pc=0x00007fd3b7505325 sp=0x00007fd37d5fda20 mode 0
Event: 58.800 Thread 0x00007fd3644c20c0 DEOPT PACKING pc=0x00007fd3b8492edd sp=0x00007fd37d5fe530
Event: 58.800 Thread 0x00007fd3644c20c0 DEOPT UNPACKING pc=0x00007fd3b7505325 sp=0x00007fd37d5fda20 mode 0
Event: 58.814 Thread 0x00007fd3644c20c0 DEOPT PACKING pc=0x00007fd3b8492edd sp=0x00007fd37d5fe530
Event: 58.814 Thread 0x00007fd3644c20c0 DEOPT UNPACKING pc=0x00007fd3b7505325 sp=0x00007fd37d5fda20 mode 0
Event: 58.816 Thread 0x00007fd3644c20c0 DEOPT PACKING pc=0x00007fd3b8492edd sp=0x00007fd37d5fe530
Event: 58.816 Thread 0x00007fd3644c20c0 DEOPT UNPACKING pc=0x00007fd3b7505325 sp=0x00007fd37d5fda20 mode 0
Event: 58.818 Thread 0x00007fd3644c20c0 DEOPT PACKING pc=0x00007fd3b8492edd sp=0x00007fd37d5fe530
Event: 58.818 Thread 0x00007fd3644c20c0 DEOPT UNPACKING pc=0x00007fd3b7505325 sp=0x00007fd37d5fda20 mode 0
Event: 79.907 Thread 0x00007fd3d04e3470 DEOPT PACKING pc=0x00007fd3b7c6f159 sp=0x00007fd37cffd560
Event: 79.907 Thread 0x00007fd3d04e3470 DEOPT UNPACKING pc=0x00007fd3b7505325 sp=0x00007fd37cffca90 mode 0
Event: 463.506 Thread 0x00007fd33403a750 Uncommon trap: trap_request=0xffffffcd fr.pc=0x00007fd3bf0e146e relative=0x000000000000006e
Event: 463.506 Thread 0x00007fd33403a750 Uncommon trap: reason=intrinsic_or_type_checked_inlining action=reinterpret pc=0x00007fd3bf0e146e method=org.eclipse.jdt.internal.core.JavaElement.getJavaProject()Lorg/eclipse/jdt/core/IJavaProject; @ 0 jvmci
Event: 463.506 Thread 0x00007fd33403a750 DEOPT PACKING pc=0x00007fd3bf0e146e sp=0x00007fd37c5fe5d0
Event: 463.506 Thread 0x00007fd33403a750 DEOPT UNPACKING pc=0x00007fd3b7505325 sp=0x00007fd37c5fda78 mode 3
Event: 588.314 Thread 0x00007fd33403a750 Uncommon trap: trap_request=0xffffffed fr.pc=0x00007fd3bf0e2672 relative=0x00000000000003d2
Event: 588.314 Thread 0x00007fd33403a750 Uncommon trap: reason=null_assert_or_unreached0 action=reinterpret pc=0x00007fd3bf0e2672 method=org.eclipse.jdt.internal.compiler.classfmt.ClassFileReader.isAnonymous()Z @ 0 jvmci
Event: 588.314 Thread 0x00007fd33403a750 DEOPT PACKING pc=0x00007fd3bf0e2672 sp=0x00007fd37c5fd910
Event: 588.315 Thread 0x00007fd33403a750 DEOPT UNPACKING pc=0x00007fd3b7505325 sp=0x00007fd37c5fcdb0 mode 3

Classes unloaded (20 events):
Event: 72.942 Thread 0x00007fd3d00a1c10 Unloading class 0x0000000800d99000 'java/lang/invoke/LambdaForm$MH+0x0000000800d99000'
Event: 72.942 Thread 0x00007fd3d00a1c10 Unloading class 0x0000000800d98c00 'java/lang/invoke/LambdaForm$MH+0x0000000800d98c00'
Event: 72.942 Thread 0x00007fd3d00a1c10 Unloading class 0x0000000800d98800 'java/lang/invoke/LambdaForm$MH+0x0000000800d98800'
Event: 72.942 Thread 0x00007fd3d00a1c10 Unloading class 0x0000000800d98400 'java/lang/invoke/LambdaForm$MH+0x0000000800d98400'
Event: 72.942 Thread 0x00007fd3d00a1c10 Unloading class 0x0000000800d98000 'jdk/internal/reflect/GeneratedConstructorAccessor3'
Event: 72.942 Thread 0x00007fd3d00a1c10 Unloading class 0x0000000800d0a800 'java/lang/invoke/LambdaForm$MH+0x0000000800d0a800'
Event: 72.942 Thread 0x00007fd3d00a1c10 Unloading class 0x0000000800d0a000 'java/lang/invoke/LambdaForm$MH+0x0000000800d0a000'
Event: 72.942 Thread 0x00007fd3d00a1c10 Unloading class 0x0000000800d09c00 'java/lang/invoke/LambdaForm$MH+0x0000000800d09c00'
Event: 72.942 Thread 0x00007fd3d00a1c10 Unloading class 0x0000000800d09800 'java/lang/invoke/LambdaForm$MH+0x0000000800d09800'
Event: 72.942 Thread 0x00007fd3d00a1c10 Unloading class 0x0000000800d09000 'java/lang/invoke/LambdaForm$MH+0x0000000800d09000'
Event: 72.942 Thread 0x00007fd3d00a1c10 Unloading class 0x0000000800d08c00 'java/lang/invoke/LambdaForm$MH+0x0000000800d08c00'
Event: 72.942 Thread 0x00007fd3d00a1c10 Unloading class 0x0000000800d08800 'java/lang/invoke/LambdaForm$MH+0x0000000800d08800'
Event: 72.942 Thread 0x00007fd3d00a1c10 Unloading class 0x0000000800d08000 'java/lang/invoke/LambdaForm$MH+0x0000000800d08000'
Event: 72.942 Thread 0x00007fd3d00a1c10 Unloading class 0x0000000800c1d000 'jdk/internal/reflect/GeneratedMethodAccessor5'
Event: 72.942 Thread 0x00007fd3d00a1c10 Unloading class 0x0000000800c1cc00 'jdk/internal/reflect/GeneratedMethodAccessor4'
Event: 72.942 Thread 0x00007fd3d00a1c10 Unloading class 0x0000000800c1c800 'jdk/internal/reflect/GeneratedMethodAccessor3'
Event: 72.942 Thread 0x00007fd3d00a1c10 Unloading class 0x0000000800c1c400 'jdk/internal/reflect/GeneratedMethodAccessor2'
Event: 72.942 Thread 0x00007fd3d00a1c10 Unloading class 0x0000000800c1c000 'jdk/internal/reflect/GeneratedMethodAccessor1'
Event: 72.942 Thread 0x00007fd3d00a1c10 Unloading class 0x0000000800c01c00 'java/lang/invoke/LambdaForm$DMH+0x0000000800c01c00'
Event: 235.936 Thread 0x00007fd3d00a1c10 Unloading class 0x00000008011e1000 'jdk/internal/reflect/GeneratedConstructorAccessor45'

Classes redefined (0 events):
No events

Internal exceptions (20 events):
Event: 49.009 Thread 0x00007fd33c1d5c60 Exception <a 'java/lang/NoSuchMethodError'{0x00000000f59287e0}: 'java.lang.Object java.lang.invoke.DirectMethodHandle$Holder.newInvokeSpecial(java.lang.Object, int, java.lang.Object, java.lang.Object, java.lang.Object)'> (0x00000000f59287e0) 
thrown [src/hotspot/share/interpreter/linkResolver.cpp, line 758]
Event: 49.128 Thread 0x00007fd33c039970 Exception <a 'java/lang/ArrayIndexOutOfBoundsException'{0x00000000f5cd3f50}: Index 203 out of bounds for length 203> (0x00000000f5cd3f50) 
thrown [src/hotspot/share/interpreter/interpreterRuntime.cpp, line 428]
Event: 49.128 Thread 0x00007fd33c039970 Exception <a 'java/lang/ArrayIndexOutOfBoundsException'{0x00000000f5cd42b8}: Index 203 out of bounds for length 203> (0x00000000f5cd42b8) 
thrown [src/hotspot/share/interpreter/interpreterRuntime.cpp, line 428]
Event: 49.128 Thread 0x00007fd33c039970 Exception <a 'java/lang/ArrayIndexOutOfBoundsException'{0x00000000f5cd4620}: Index 204 out of bounds for length 203> (0x00000000f5cd4620) 
thrown [src/hotspot/share/interpreter/interpreterRuntime.cpp, line 428]
Event: 49.421 Thread 0x00007fd33c1d5c60 Exception <a 'java/lang/NoSuchMethodError'{0x00000000f644adb0}: 'void java.lang.invoke.DirectMethodHandle$Holder.invokeSpecial(java.lang.Object, java.lang.Object, int)'> (0x00000000f644adb0) 
thrown [src/hotspot/share/interpreter/linkResolver.cpp, line 758]
Event: 52.612 Thread 0x00007fd33c13bb70 Exception <a 'java/lang/NoSuchMethodError'{0x00000000f5dfd0d0}: 'int java.lang.invoke.DirectMethodHandle$Holder.invokeSpecialIFC(java.lang.Object, java.lang.Object, java.lang.Object, java.lang.Object)'> (0x00000000f5dfd0d0) 
thrown [src/hotspot/share/interpreter/linkResolver.cpp, line 758]
Event: 53.127 Thread 0x00007fd33c039970 Exception <a 'java/lang/ArrayIndexOutOfBoundsException'{0x00000000f6364880}> (0x00000000f6364880) 
thrown [src/hotspot/share/runtime/sharedRuntime.cpp, line 628]
Event: 53.127 Thread 0x00007fd33c039970 Exception <a 'java/lang/ArrayIndexOutOfBoundsException'{0x00000000f6364be8}> (0x00000000f6364be8) 
thrown [src/hotspot/share/runtime/sharedRuntime.cpp, line 628]
Event: 53.127 Thread 0x00007fd33c039970 Exception <a 'java/lang/ArrayIndexOutOfBoundsException'{0x00000000f6364f50}> (0x00000000f6364f50) 
thrown [src/hotspot/share/runtime/sharedRuntime.cpp, line 628]
Event: 53.331 Thread 0x00007fd33c039970 Exception <a 'java/lang/ArrayIndexOutOfBoundsException'{0x00000000f6693f78}> (0x00000000f6693f78) 
thrown [src/hotspot/share/runtime/sharedRuntime.cpp, line 628]
Event: 53.331 Thread 0x00007fd33c039970 Exception <a 'java/lang/ArrayIndexOutOfBoundsException'{0x00000000f66942e0}> (0x00000000f66942e0) 
thrown [src/hotspot/share/runtime/sharedRuntime.cpp, line 628]
Event: 53.331 Thread 0x00007fd33c039970 Exception <a 'java/lang/ArrayIndexOutOfBoundsException'{0x00000000f6694648}> (0x00000000f6694648) 
thrown [src/hotspot/share/runtime/sharedRuntime.cpp, line 628]
Event: 76.206 Thread 0x00007fd33c13be70 Exception <a 'java/lang/ArrayIndexOutOfBoundsException'{0x00000000f68781d8}> (0x00000000f68781d8) 
thrown [src/hotspot/share/runtime/sharedRuntime.cpp, line 628]
Event: 76.206 Thread 0x00007fd33c13be70 Exception <a 'java/lang/ArrayIndexOutOfBoundsException'{0x00000000f6878540}> (0x00000000f6878540) 
thrown [src/hotspot/share/runtime/sharedRuntime.cpp, line 628]
Event: 76.206 Thread 0x00007fd33c13be70 Exception <a 'java/lang/ArrayIndexOutOfBoundsException'{0x00000000f68788a8}> (0x00000000f68788a8) 
thrown [src/hotspot/share/runtime/sharedRuntime.cpp, line 628]
Event: 82.441 Thread 0x00007fd33c1d5c60 Exception <a 'java/lang/ArrayIndexOutOfBoundsException'{0x00000000f6a3fa50}> (0x00000000f6a3fa50) 
thrown [src/hotspot/share/runtime/sharedRuntime.cpp, line 628]
Event: 82.441 Thread 0x00007fd33c1d5c60 Exception <a 'java/lang/ArrayIndexOutOfBoundsException'{0x00000000f6a3fdb8}> (0x00000000f6a3fdb8) 
thrown [src/hotspot/share/runtime/sharedRuntime.cpp, line 628]
Event: 82.441 Thread 0x00007fd33c1d5c60 Exception <a 'java/lang/ArrayIndexOutOfBoundsException'{0x00000000f6a40120}> (0x00000000f6a40120) 
thrown [src/hotspot/share/runtime/sharedRuntime.cpp, line 628]
Event: 588.314 Thread 0x00007fd33403a750 Implicit null exception at 0x00007fd3bf0e22da to 0x00007fd3bf0e2657
Event: 1250.713 Thread 0x00007fd3d00b21d0 Exception <a 'java/lang/OutOfMemoryError'{0x00000000e0003fa0}> (0x00000000e0003fa0) 
thrown [src/hotspot/share/gc/shared/memAllocator.cpp, line 136]

VM Operations (20 events):
Event: 1238.547 Executing VM operation: ParallelGCFailedAllocation done
Event: 1238.548 Executing VM operation: ParallelGCFailedAllocation
Event: 1239.719 Executing VM operation: ParallelGCFailedAllocation done
Event: 1239.719 Executing VM operation: ParallelGCFailedAllocation
Event: 1240.959 Executing VM operation: ParallelGCFailedAllocation done
Event: 1240.959 Executing VM operation: ParallelGCFailedAllocation
Event: 1242.224 Executing VM operation: ParallelGCFailedAllocation done
Event: 1242.224 Executing VM operation: ParallelGCFailedAllocation
Event: 1243.461 Executing VM operation: ParallelGCFailedAllocation done
Event: 1243.461 Executing VM operation: ParallelGCFailedAllocation
Event: 1244.708 Executing VM operation: ParallelGCFailedAllocation done
Event: 1244.708 Executing VM operation: ParallelGCFailedAllocation
Event: 1245.931 Executing VM operation: ParallelGCFailedAllocation done
Event: 1245.931 Executing VM operation: ParallelGCFailedAllocation
Event: 1247.228 Executing VM operation: ParallelGCFailedAllocation done
Event: 1247.228 Executing VM operation: ParallelGCFailedAllocation
Event: 1248.313 Executing VM operation: ParallelGCFailedAllocation done
Event: 1248.313 Executing VM operation: ParallelGCFailedAllocation
Event: 1250.713 Executing VM operation: ParallelGCFailedAllocation done
Event: 1250.713 Executing VM operation: ParallelGCFailedAllocation

Events (20 events):
Event: 75.005 Protecting memory [0x00007fd37cc00000,0x00007fd37cc04000] with protection modes 0
Event: 76.207 Thread 0x00007fd33c13be70 Thread exited: 0x00007fd33c13be70
Event: 76.211 Thread 0x00007fd33c1d5c60 Thread exited: 0x00007fd33c1d5c60
Event: 76.302 Thread 0x00007fd3d00b4b30 flushing nmethod 0x00007fd3bf114990
Event: 78.606 Thread 0x00007fd3d00b4b30 flushing nmethod 0x00007fd3b896f610
Event: 78.606 Thread 0x00007fd3d00b4b30 flushing nmethod 0x00007fd3b8a1dd90
Event: 78.606 Thread 0x00007fd3d00b4b30 flushing nmethod 0x00007fd3b8a1e810
Event: 78.606 Thread 0x00007fd3d00b4b30 flushing nmethod 0x00007fd3b8a7f190
Event: 81.210 Thread 0x00007fd33c1d5c60 Thread added: 0x00007fd33c1d5c60
Event: 81.210 Protecting memory [0x00007fd37ce00000,0x00007fd37ce04000] with protection modes 0
Event: 84.731 Thread 0x00007fd33c1d5c60 Thread exited: 0x00007fd33c1d5c60
Event: 90.506 Thread 0x00007fd360005440 Thread exited: 0x00007fd360005440
Event: 144.422 Thread 0x00007fd3580010d0 Thread exited: 0x00007fd3580010d0
Event: 145.539 Thread 0x00007fd334000ff0 Thread exited: 0x00007fd334000ff0
Event: 164.618 Thread 0x00007fd30c005190 Thread exited: 0x00007fd30c005190
Event: 170.739 Thread 0x00007fd34c03c500 Thread exited: 0x00007fd34c03c500
Event: 171.823 Thread 0x00007fd364344480 Thread exited: 0x00007fd364344480
Event: 371.247 Thread 0x00007fd33844d740 Thread exited: 0x00007fd33844d740
Event: 380.346 Thread 0x00007fd360003f70 Thread exited: 0x00007fd360003f70
Event: 440.549 Thread 0x00007fd33844e1b0 Thread exited: 0x00007fd33844e1b0


Dynamic libraries:
e0000000-f5580000 rw-p 00000000 00:00 0 
f5580000-f8b80000 rw-p 00000000 00:00 0 
f8b80000-100000000 ---p 00000000 00:00 0 
800000000-800449000 rw-p 00001000 00:8d7 4611686019135357769             /nix/store/gpxl5qgg8kicmcvivwmybwjlpf7wh20l-graalvm17-ce-22.3.0/lib/server/classes.jsa
800449000-800bc8000 r--p 0044a000 00:8d7 4611686019135357769             /nix/store/gpxl5qgg8kicmcvivwmybwjlpf7wh20l-graalvm17-ce-22.3.0/lib/server/classes.jsa
800bc8000-800c00000 ---p 00000000 00:00 0 
800c00000-800c20000 rw-p 00000000 00:00 0 
800c20000-800c40000 rw-p 00000000 00:00 0 
800c40000-800cc0000 rw-p 00000000 00:00 0 
800cc0000-800d00000 rw-p 00000000 00:00 0 
800d00000-800dc0000 rw-p 00000000 00:00 0 
800dc0000-800e00000 rw-p 00000000 00:00 0 
800e00000-800f40000 rw-p 00000000 00:00 0 
800f40000-800f80000 rw-p 00000000 00:00 0 
800f80000-800ff0000 rw-p 00000000 00:00 0 
800ff0000-801000000 ---p 00000000 00:00 0 
801000000-801250000 rw-p 00000000 00:00 0 
801250000-840c00000 ---p 00000000 00:00 0 
55a8f4aab000-55a8f4aac000 r-xp 00000000 00:8d7 4611686019099417844       /nix/store/gpxl5qgg8kicmcvivwmybwjlpf7wh20l-graalvm17-ce-22.3.0/bin/.java-wrapped
55a8f4aad000-55a8f4aae000 r--p 00001000 00:8d7 4611686019099417844       /nix/store/gpxl5qgg8kicmcvivwmybwjlpf7wh20l-graalvm17-ce-22.3.0/bin/.java-wrapped
55a8f4aae000-55a8f4aaf000 rw-p 00002000 00:8d7 4611686019099417844       /nix/store/gpxl5qgg8kicmcvivwmybwjlpf7wh20l-graalvm17-ce-22.3.0/bin/.java-wrapped
55a8f4aaf000-55a8f4ab0000 rw-p 00004000 00:8d7 4611686019099417844       /nix/store/gpxl5qgg8kicmcvivwmybwjlpf7wh20l-graalvm17-ce-22.3.0/bin/.java-wrapped
55a8f4ab0000-55a8f4ab1000 rw-p 00005000 00:8d7 4611686019099417844       /nix/store/gpxl5qgg8kicmcvivwmybwjlpf7wh20l-graalvm17-ce-22.3.0/bin/.java-wrapped
55a8f4f6f000-55a8f4fb7000 rw-p 00000000 00:00 0                          [heap]
7fd2f8000000-7fd2f8021000 rw-p 00000000 00:00 0 
7fd2f8021000-7fd2fc000000 ---p 00000000 00:00 0 
7fd2fc000000-7fd2fc021000 rw-p 00000000 00:00 0 
7fd2fc021000-7fd300000000 ---p 00000000 00:00 0 
7fd300000000-7fd300021000 rw-p 00000000 00:00 0 
7fd300021000-7fd304000000 ---p 00000000 00:00 0 
7fd304000000-7fd3040ec000 rw-p 00000000 00:00 0 
7fd3040ec000-7fd308000000 ---p 00000000 00:00 0 
7fd308000000-7fd3080ae000 rw-p 00000000 00:00 0 
7fd3080ae000-7fd30c000000 ---p 00000000 00:00 0 
7fd30c000000-7fd30c021000 rw-p 00000000 00:00 0 
7fd30c021000-7fd310000000 ---p 00000000 00:00 0 
7fd313800000-7fd313ed0000 rw-p 00000000 00:00 0 
7fd313ed0000-7fd314000000 ---p 00000000 00:00 0 
7fd314000000-7fd314021000 rw-p 00000000 00:00 0 
7fd314021000-7fd318000000 ---p 00000000 00:00 0 
7fd318000000-7fd318021000 rw-p 00000000 00:00 0 
7fd318021000-7fd31c000000 ---p 00000000 00:00 0 
7fd31c000000-7fd31c021000 rw-p 00000000 00:00 0 
7fd31c021000-7fd320000000 ---p 00000000 00:00 0 
7fd320000000-7fd320021000 rw-p 00000000 00:00 0 
7fd320021000-7fd324000000 ---p 00000000 00:00 0 
7fd324000000-7fd324117000 rw-p 00000000 00:00 0 
7fd324117000-7fd328000000 ---p 00000000 00:00 0 
7fd328c00000-7fd328dc0000 rw-p 00000000 00:00 0 
7fd328dc0000-7fd328e00000 rw-p 00000000 00:00 0 
7fd328e00000-7fd328f00000 rw-p 00000000 00:00 0 
7fd328f00000-7fd328f90000 rw-p 00000000 00:00 0 
7fd328f90000-7fd329000000 ---p 00000000 00:00 0 
7fd329000000-7fd329220000 rw-p 00000000 00:00 0 
7fd329220000-7fd329400000 rw-p 00000000 00:00 0 
7fd329cb3000-7fd333800000 r--s 00000000 00:8d7 4611686019135192581       /nix/store/gpxl5qgg8kicmcvivwmybwjlpf7wh20l-graalvm17-ce-22.3.0/lib/modules
7fd333800000-7fd333900000 rw-p 00000000 00:00 0 
7fd333900000-7fd333a00000 rw-p 00000000 00:00 0 
7fd333a00000-7fd334000000 rw-p 00000000 00:00 0 
7fd334000000-7fd3340ad000 rw-p 00000000 00:00 0 
7fd3340ad000-7fd338000000 ---p 00000000 00:00 0 
7fd338000000-7fd338506000 rw-p 00000000 00:00 0 
7fd338506000-7fd33c000000 ---p 00000000 00:00 0 
7fd33c000000-7fd33c1e7000 rw-p 00000000 00:00 0 
7fd33c1e7000-7fd340000000 ---p 00000000 00:00 0 
7fd340000000-7fd340102000 rw-p 00000000 00:00 0 
7fd340102000-7fd344000000 ---p 00000000 00:00 0 
7fd344000000-7fd344021000 rw-p 00000000 00:00 0 
7fd344021000-7fd348000000 ---p 00000000 00:00 0 
7fd348000000-7fd348021000 rw-p 00000000 00:00 0 
7fd348021000-7fd34c000000 ---p 00000000 00:00 0 
7fd34c000000-7fd34c045000 rw-p 00000000 00:00 0 
7fd34c045000-7fd350000000 ---p 00000000 00:00 0 
7fd350000000-7fd350073000 rw-p 00000000 00:00 0 
7fd350073000-7fd354000000 ---p 00000000 00:00 0 
7fd354000000-7fd354021000 rw-p 00000000 00:00 0 
7fd354021000-7fd358000000 ---p 00000000 00:00 0 
7fd358000000-7fd358366000 rw-p 00000000 00:00 0 
7fd358366000-7fd35c000000 ---p 00000000 00:00 0 
7fd35c000000-7fd35c021000 rw-p 00000000 00:00 0 
7fd35c021000-7fd360000000 ---p 00000000 00:00 0 
7fd360000000-7fd360021000 rw-p 00000000 00:00 0 
7fd360021000-7fd364000000 ---p 00000000 00:00 0 
7fd364000000-7fd3648fb000 rw-p 00000000 00:00 0 
7fd3648fb000-7fd368000000 ---p 00000000 00:00 0 
7fd368000000-7fd368026000 rw-p 00000000 00:00 0 
7fd368026000-7fd36c000000 ---p 00000000 00:00 0 
7fd36c000000-7fd36c021000 rw-p 00000000 00:00 0 
7fd36c021000-7fd370000000 ---p 00000000 00:00 0 
7fd370000000-7fd370021000 rw-p 00000000 00:00 0 
7fd370021000-7fd374000000 ---p 00000000 00:00 0 
7fd374000000-7fd374021000 rw-p 00000000 00:00 0 
7fd374021000-7fd378000000 ---p 00000000 00:00 0 
7fd378000000-7fd378100000 rw-p 00000000 00:00 0 
7fd378100000-7fd378200000 rw-p 00000000 00:00 0 
7fd378200000-7fd378300000 rw-p 00000000 00:00 0 
7fd378300000-7fd378400000 rw-p 00000000 00:00 0 
7fd378400000-7fd378500000 rw-p 00000000 00:00 0 
7fd378500000-7fd378600000 rw-p 00000000 00:00 0 
7fd378600000-7fd378800000 rw-p 00000000 00:00 0 
7fd378800000-7fd378900000 rw-p 00000000 00:00 0 
7fd378900000-7fd378a00000 rw-p 00000000 00:00 0 
7fd378a00000-7fd378f00000 rw-p 00000000 00:00 0 
7fd378f00000-7fd379000000 rw-p 00000000 00:00 0 
7fd379000000-7fd379100000 rw-p 00000000 00:00 0 
7fd379100000-7fd379200000 rw-p 00000000 00:00 0 
7fd379200000-7fd379700000 rw-p 00000000 00:00 0 
7fd379700000-7fd379800000 rw-p 00000000 00:00 0 
7fd379a00000-7fd379a10000 r-xp 00000000 00:8d2 356                       /home/runner/.cache/jdt-language-server/config/org.eclipse.equinox.launcher/org.eclipse.equinox.launcher.gtk.linux.x86_64_1.2.400.v20211117-0650/eclipse_11600.so
7fd379a10000-7fd379c0f000 ---p 00010000 00:8d2 356                       /home/runner/.cache/jdt-language-server/config/org.eclipse.equinox.launcher/org.eclipse.equinox.launcher.gtk.linux.x86_64_1.2.400.v20211117-0650/eclipse_11600.so
7fd379c0f000-7fd379c10000 r--p 0000f000 00:8d2 356                       /home/runner/.cache/jdt-language-server/config/org.eclipse.equinox.launcher/org.eclipse.equinox.launcher.gtk.linux.x86_64_1.2.400.v20211117-0650/eclipse_11600.so
7fd379c10000-7fd379c11000 rw-p 00010000 00:8d2 356                       /home/runner/.cache/jdt-language-server/config/org.eclipse.equinox.launcher/org.eclipse.equinox.launcher.gtk.linux.x86_64_1.2.400.v20211117-0650/eclipse_11600.so
7fd37b200000-7fd37b300000 ---p 00000000 00:00 0 
7fd37b300000-7fd37b8af000 r--p 01122000 00:8d7 4611686019135190040       /nix/store/gpxl5qgg8kicmcvivwmybwjlpf7wh20l-graalvm17-ce-22.3.0/lib/libjvmcicompiler.so
7fd37b8af000-7fd37ba00000 r--p 00000000 00:00 0 
7fd37ba00000-7fd37ba3d000 rw-p 00000000 00:00 0 
7fd37ba3d000-7fd37bf5d000 rw-p 0185f000 00:8d7 4611686019135190040       /nix/store/gpxl5qgg8kicmcvivwmybwjlpf7wh20l-graalvm17-ce-22.3.0/lib/libjvmcicompiler.so
7fd37bf5d000-7fd37c344000 r--p 01d7f000 00:8d7 4611686019135190040       /nix/store/gpxl5qgg8kicmcvivwmybwjlpf7wh20l-graalvm17-ce-22.3.0/lib/libjvmcicompiler.so
7fd37c400000-7fd37c404000 ---p 00000000 00:00 0 
7fd37c404000-7fd37c500000 rw-p 00000000 00:00 0 
7fd37c500000-7fd37c504000 ---p 00000000 00:00 0 
7fd37c504000-7fd37c600000 rw-p 00000000 00:00 0 
7fd37c700000-7fd37c704000 ---p 00000000 00:00 0 
7fd37c704000-7fd37c800000 rw-p 00000000 00:00 0 
7fd37c800000-7fd37c804000 ---p 00000000 00:00 0 
7fd37c804000-7fd37c900000 rw-p 00000000 00:00 0 
7fd37c900000-7fd37c904000 ---p 00000000 00:00 0 
7fd37c904000-7fd37ca00000 rw-p 00000000 00:00 0 
7fd37cb00000-7fd37cb04000 ---p 00000000 00:00 0 
7fd37cb04000-7fd37cc00000 rw-p 00000000 00:00 0 
7fd37cc00000-7fd37cc04000 ---p 00000000 00:00 0 
7fd37cc04000-7fd37cd00000 rw-p 00000000 00:00 0 
7fd37cd00000-7fd37cd04000 ---p 00000000 00:00 0 
7fd37cd04000-7fd37ce00000 rw-p 00000000 00:00 0 
7fd37ce00000-7fd37ce04000 ---p 00000000 00:00 0 
7fd37ce04000-7fd37cf00000 rw-p 00000000 00:00 0 
7fd37cf00000-7fd37cf04000 ---p 00000000 00:00 0 
7fd37cf04000-7fd37d000000 rw-p 00000000 00:00 0 
7fd37d100000-7fd37d104000 ---p 00000000 00:00 0 
7fd37d104000-7fd37d200000 rw-p 00000000 00:00 0 
7fd37d200000-7fd37d204000 ---p 00000000 00:00 0 
7fd37d204000-7fd37d300000 rw-p 00000000 00:00 0 
7fd37d300000-7fd37d304000 ---p 00000000 00:00 0 
7fd37d304000-7fd37d400000 rw-p 00000000 00:00 0 
7fd37d500000-7fd37d504000 ---p 00000000 00:00 0 
7fd37d504000-7fd37d600000 rw-p 00000000 00:00 0 
7fd37d600000-7fd37d604000 ---p 00000000 00:00 0 
7fd37d604000-7fd37d700000 rw-p 00000000 00:00 0 
7fd37d700000-7fd37d704000 ---p 00000000 00:00 0 
7fd37d704000-7fd37d800000 rw-p 00000000 00:00 0 
7fd37d900000-7fd37d904000 ---p 00000000 00:00 0 
7fd37d904000-7fd37da00000 rw-p 00000000 00:00 0 
7fd37da00000-7fd37da04000 ---p 00000000 00:00 0 
7fd37da04000-7fd37db00000 rw-p 00000000 00:00 0 
7fd37db00000-7fd37db04000 ---p 00000000 00:00 0 
7fd37db04000-7fd37dc00000 rw-p 00000000 00:00 0 
7fd37dc00000-7fd37fd6a000 r-xp 00000000 00:8d7 4611686019135190040       /nix/store/gpxl5qgg8kicmcvivwmybwjlpf7wh20l-graalvm17-ce-22.3.0/lib/libjvmcicompiler.so
7fd37fd6a000-7fd37ff69000 ---p 0216a000 00:8d7 4611686019135190040       /nix/store/gpxl5qgg8kicmcvivwmybwjlpf7wh20l-graalvm17-ce-22.3.0/lib/libjvmcicompiler.so
7fd37ff69000-7fd37ff6a000 r--p 02169000 00:8d7 4611686019135190040       /nix/store/gpxl5qgg8kicmcvivwmybwjlpf7wh20l-graalvm17-ce-22.3.0/lib/libjvmcicompiler.so
7fd37ff6a000-7fd37ff6c000 rw-p 0216a000 00:8d7 4611686019135190040       /nix/store/gpxl5qgg8kicmcvivwmybwjlpf7wh20l-graalvm17-ce-22.3.0/lib/libjvmcicompiler.so
7fd37ff6c000-7fd37ff6d000 rw-p 00000000 00:00 0 
7fd37ff6d000-7fd37ff72000 rw-p 023c3000 00:8d7 4611686019135190040       /nix/store/gpxl5qgg8kicmcvivwmybwjlpf7wh20l-graalvm17-ce-22.3.0/lib/libjvmcicompiler.so
7fd380000000-7fd380021000 rw-p 00000000 00:00 0 
7fd380021000-7fd384000000 ---p 00000000 00:00 0 
7fd384000000-7fd384021000 rw-p 00000000 00:00 0 
7fd384021000-7fd388000000 ---p 00000000 00:00 0 
7fd388000000-7fd388041000 rw-p 00000000 00:00 0 
7fd388041000-7fd38c000000 ---p 00000000 00:00 0 
7fd38c000000-7fd38c021000 rw-p 00000000 00:00 0 
7fd38c021000-7fd390000000 ---p 00000000 00:00 0 
7fd390000000-7fd3900c7000 rw-p 00000000 00:00 0 
7fd3900c7000-7fd394000000 ---p 00000000 00:00 0 
7fd394000000-7fd394b78000 rw-p 00000000 00:00 0 
7fd394b78000-7fd398000000 ---p 00000000 00:00 0 
7fd398000000-7fd398021000 rw-p 00000000 00:00 0 
7fd398021000-7fd39c000000 ---p 00000000 00:00 0 
7fd39c000000-7fd39c021000 rw-p 00000000 00:00 0 
7fd39c021000-7fd3a0000000 ---p 00000000 00:00 0 
7fd3a0000000-7fd3a0021000 rw-p 00000000 00:00 0 
7fd3a0021000-7fd3a4000000 ---p 00000000 00:00 0 
7fd3a4000000-7fd3a4021000 rw-p 00000000 00:00 0 
7fd3a4021000-7fd3a8000000 ---p 00000000 00:00 0 
7fd3a8000000-7fd3a8021000 rw-p 00000000 00:00 0 
7fd3a8021000-7fd3ac000000 ---p 00000000 00:00 0 
7fd3ac000000-7fd3ac021000 rw-p 00000000 00:00 0 
7fd3ac021000-7fd3b0000000 ---p 00000000 00:00 0 
7fd3b0000000-7fd3b0073000 rw-p 00000000 00:00 0 
7fd3b0073000-7fd3b4000000 ---p 00000000 00:00 0 
7fd3b4000000-7fd3b4004000 ---p 00000000 00:00 0 
7fd3b4004000-7fd3b4100000 rw-p 00000000 00:00 0 
7fd3b4100000-7fd3b4104000 ---p 00000000 00:00 0 
7fd3b4104000-7fd3b4200000 rw-p 00000000 00:00 0 
7fd3b4200000-7fd3b4204000 ---p 00000000 00:00 0 
7fd3b4204000-7fd3b4300000 rw-p 00000000 00:00 0 
7fd3b4400000-7fd3b4404000 ---p 00000000 00:00 0 
7fd3b4404000-7fd3b4500000 rw-p 00000000 00:00 0 
7fd3b4500000-7fd3b4504000 ---p 00000000 00:00 0 
7fd3b4504000-7fd3b4600000 rw-p 00000000 00:00 0 
7fd3b4600000-7fd3b4604000 ---p 00000000 00:00 0 
7fd3b4604000-7fd3b4700000 rw-p 00000000 00:00 0 
7fd3b4700000-7fd3b4704000 ---p 00000000 00:00 0 
7fd3b4704000-7fd3b4800000 rw-p 00000000 00:00 0 
7fd3b4800000-7fd3b4804000 ---p 00000000 00:00 0 
7fd3b4804000-7fd3b4900000 rw-p 00000000 00:00 0 
7fd3b5568000-7fd3b5a00000 rw-p 00000000 00:00 0 
7fd3b5a46000-7fd3b5a47000 ---p 00000000 00:00 0 
7fd3b5a47000-7fd3b5b48000 rw-p 00000000 00:00 0 
7fd3b5b48000-7fd3b5b4c000 ---p 00000000 00:00 0 
7fd3b5b4c000-7fd3b5c48000 rw-p 00000000 00:00 0 
7fd3b5c48000-7fd3b5c4c000 ---p 00000000 00:00 0 
7fd3b5c4c000-7fd3b5d48000 rw-p 00000000 00:00 0 
7fd3b5d48000-7fd3b5d4c000 ---p 00000000 00:00 0 
7fd3b5d4c000-7fd3b5e48000 rw-p 00000000 00:00 0 
7fd3b5e48000-7fd3b5e4c000 ---p 00000000 00:00 0 
7fd3b5e4c000-7fd3b6048000 rw-p 00000000 00:00 0 
7fd3b6048000-7fd3b604c000 ---p 00000000 00:00 0 
7fd3b604c000-7fd3b6248000 rw-p 00000000 00:00 0 
7fd3b6248000-7fd3b624c000 ---p 00000000 00:00 0 
7fd3b624c000-7fd3b6348000 rw-p 00000000 00:00 0 
7fd3b6348000-7fd3b634c000 ---p 00000000 00:00 0 
7fd3b634c000-7fd3b6448000 rw-p 00000000 00:00 0 
7fd3b6448000-7fd3b644c000 ---p 00000000 00:00 0 
7fd3b644c000-7fd3b6548000 rw-p 00000000 00:00 0 
7fd3b6548000-7fd3b682e000 r--p 00000000 00:871 28444448                  /usr/lib/locale/locale-archive
7fd3b682e000-7fd3b6832000 ---p 00000000 00:00 0 
7fd3b6832000-7fd3b692e000 rw-p 00000000 00:00 0 
7fd3b692e000-7fd3b6932000 ---p 00000000 00:00 0 
7fd3b6932000-7fd3b6a2e000 rw-p 00000000 00:00 0 
7fd3b6a2e000-7fd3b6a2f000 ---p 00000000 00:00 0 
7fd3b6a2f000-7fd3b6b30000 rw-p 00000000 00:00 0 
7fd3b6b30000-7fd3b6bfe000 r-xp 00000000 00:8d7 4611686019135190036       /nix/store/gpxl5qgg8kicmcvivwmybwjlpf7wh20l-graalvm17-ce-22.3.0/lib/libjsvml.so
7fd3b6bfe000-7fd3b6bff000 r--p 000cd000 00:8d7 4611686019135190036       /nix/store/gpxl5qgg8kicmcvivwmybwjlpf7wh20l-graalvm17-ce-22.3.0/lib/libjsvml.so
7fd3b6bff000-7fd3b6c00000 rw-p 000ce000 00:8d7 4611686019135190036       /nix/store/gpxl5qgg8kicmcvivwmybwjlpf7wh20l-graalvm17-ce-22.3.0/lib/libjsvml.so
7fd3b6c00000-7fd3b7000000 rw-p 00000000 00:00 0 
7fd3b7000000-7fd3b7300000 rw-p 00000000 00:00 0 
7fd3b7300000-7fd3b7400000 rw-p 00000000 00:00 0 
7fd3b74b3000-7fd3b7723000 rwxp 00000000 00:00 0 
7fd3b7723000-7fd3b7a42000 ---p 00000000 00:00 0 
7fd3b7a42000-7fd3b8b52000 rwxp 00000000 00:00 0 
7fd3b8b52000-7fd3bef7a000 ---p 00000000 00:00 0 
7fd3bef7a000-7fd3bf20a000 rwxp 00000000 00:00 0 
7fd3bf20a000-7fd3c64b3000 ---p 00000000 00:00 0 
7fd3c64b3000-7fd3d0000000 r--s 00000000 00:8d7 4611686019135192581       /nix/store/gpxl5qgg8kicmcvivwmybwjlpf7wh20l-graalvm17-ce-22.3.0/lib/modules
7fd3d0000000-7fd3d064c000 rw-p 00000000 00:00 0 
7fd3d064c000-7fd3d4000000 ---p 00000000 00:00 0 
7fd3d4047000-7fd3d4049000 r-xp 00000000 00:8d7 4611686019135190017       /nix/store/gpxl5qgg8kicmcvivwmybwjlpf7wh20l-graalvm17-ce-22.3.0/lib/libextnet.so
7fd3d4049000-7fd3d404a000 r--p 00001000 00:8d7 4611686019135190017       /nix/store/gpxl5qgg8kicmcvivwmybwjlpf7wh20l-graalvm17-ce-22.3.0/lib/libextnet.so
7fd3d404a000-7fd3d404b000 rw-p 00002000 00:8d7 4611686019135190017       /nix/store/gpxl5qgg8kicmcvivwmybwjlpf7wh20l-graalvm17-ce-22.3.0/lib/libextnet.so
7fd3d404b000-7fd3d404c000 rw-p 00004000 00:8d7 4611686019135190017       /nix/store/gpxl5qgg8kicmcvivwmybwjlpf7wh20l-graalvm17-ce-22.3.0/lib/libextnet.so
7fd3d404c000-7fd3d4050000 ---p 00000000 00:00 0 
7fd3d4050000-7fd3d406e000 rw-p 00000000 00:00 0 
7fd3d406e000-7fd3d4075000 r-xp 00000000 00:8d7 4611686019135192580       /nix/store/gpxl5qgg8kicmcvivwmybwjlpf7wh20l-graalvm17-ce-22.3.0/lib/libzip.so
7fd3d4075000-7fd3d4076000 ---p 00007000 00:8d7 4611686019135192580       /nix/store/gpxl5qgg8kicmcvivwmybwjlpf7wh20l-graalvm17-ce-22.3.0/lib/libzip.so
7fd3d4076000-7fd3d4077000 r--p 00007000 00:8d7 4611686019135192580       /nix/store/gpxl5qgg8kicmcvivwmybwjlpf7wh20l-graalvm17-ce-22.3.0/lib/libzip.so
7fd3d4077000-7fd3d4078000 rw-p 00008000 00:8d7 4611686019135192580       /nix/store/gpxl5qgg8kicmcvivwmybwjlpf7wh20l-graalvm17-ce-22.3.0/lib/libzip.so
7fd3d4078000-7fd3d407a000 rw-p 0000b000 00:8d7 4611686019135192580       /nix/store/gpxl5qgg8kicmcvivwmybwjlpf7wh20l-graalvm17-ce-22.3.0/lib/libzip.so
7fd3d407a000-7fd3d408f000 r-xp 00000000 00:8d7 4611686019135192570       /nix/store/gpxl5qgg8kicmcvivwmybwjlpf7wh20l-graalvm17-ce-22.3.0/lib/libnet.so
7fd3d408f000-7fd3d4090000 ---p 00015000 00:8d7 4611686019135192570       /nix/store/gpxl5qgg8kicmcvivwmybwjlpf7wh20l-graalvm17-ce-22.3.0/lib/libnet.so
7fd3d4090000-7fd3d4091000 r--p 00015000 00:8d7 4611686019135192570       /nix/store/gpxl5qgg8kicmcvivwmybwjlpf7wh20l-graalvm17-ce-22.3.0/lib/libnet.so
7fd3d4091000-7fd3d4092000 rw-p 00016000 00:8d7 4611686019135192570       /nix/store/gpxl5qgg8kicmcvivwmybwjlpf7wh20l-graalvm17-ce-22.3.0/lib/libnet.so
7fd3d4092000-7fd3d4095000 rw-p 0001b000 00:8d7 4611686019135192570       /nix/store/gpxl5qgg8kicmcvivwmybwjlpf7wh20l-graalvm17-ce-22.3.0/lib/libnet.so
7fd3d4095000-7fd3d40a8000 r-xp 00000000 00:8d7 4611686019135192571       /nix/store/gpxl5qgg8kicmcvivwmybwjlpf7wh20l-graalvm17-ce-22.3.0/lib/libnio.so
7fd3d40a8000-7fd3d40a9000 r--p 00012000 00:8d7 4611686019135192571       /nix/store/gpxl5qgg8kicmcvivwmybwjlpf7wh20l-graalvm17-ce-22.3.0/lib/libnio.so
7fd3d40a9000-7fd3d40aa000 rw-p 00013000 00:8d7 4611686019135192571       /nix/store/gpxl5qgg8kicmcvivwmybwjlpf7wh20l-graalvm17-ce-22.3.0/lib/libnio.so
7fd3d40aa000-7fd3d40af000 rw-p 00019000 00:8d7 4611686019135192571       /nix/store/gpxl5qgg8kicmcvivwmybwjlpf7wh20l-graalvm17-ce-22.3.0/lib/libnio.so
7fd3d40af000-7fd3d5987000 rw-p 00000000 00:00 0 
7fd3d5987000-7fd3d5988000 ---p 00000000 00:00 0 
7fd3d5988000-7fd3d5b33000 rw-p 00000000 00:00 0 
7fd3d5b33000-7fd3d5b4f000 rw-p 00000000 00:00 0 
7fd3d5b4f000-7fd3d5b89000 ---p 00000000 00:00 0 
7fd3d5b89000-7fd3d5b90000 rw-p 00000000 00:00 0 
7fd3d5b90000-7fd3d5c75000 ---p 00000000 00:00 0 
7fd3d5c75000-7fd3d5c98000 rw-p 00000000 00:00 0 
7fd3d5c98000-7fd3d5d60000 ---p 00000000 00:00 0 
7fd3d5d60000-7fd3d5d65000 rw-p 00000000 00:00 0 
7fd3d5d65000-7fd3d5d6c000 ---p 00000000 00:00 0 
7fd3d5d6c000-7fd3d5d90000 r-xp 00000000 00:8d7 4611686019135190028       /nix/store/gpxl5qgg8kicmcvivwmybwjlpf7wh20l-graalvm17-ce-22.3.0/lib/libjava.so
7fd3d5d90000-7fd3d5d91000 ---p 00024000 00:8d7 4611686019135190028       /nix/store/gpxl5qgg8kicmcvivwmybwjlpf7wh20l-graalvm17-ce-22.3.0/lib/libjava.so
7fd3d5d91000-7fd3d5d92000 r--p 00024000 00:8d7 4611686019135190028       /nix/store/gpxl5qgg8kicmcvivwmybwjlpf7wh20l-graalvm17-ce-22.3.0/lib/libjava.so
7fd3d5d92000-7fd3d5d93000 rw-p 00025000 00:8d7 4611686019135190028       /nix/store/gpxl5qgg8kicmcvivwmybwjlpf7wh20l-graalvm17-ce-22.3.0/lib/libjava.so
7fd3d5d93000-7fd3d5d94000 rw-p 00000000 00:00 0 
7fd3d5d94000-7fd3d5d9b000 rw-p 0002f000 00:8d7 4611686019135190028       /nix/store/gpxl5qgg8kicmcvivwmybwjlpf7wh20l-graalvm17-ce-22.3.0/lib/libjava.so
7fd3d5d9b000-7fd3d5da3000 rw-s 00000000 00:6b 353                        /tmp/hsperfdata_runner/29
7fd3d5da3000-7fd3d5da4000 ---p 00000000 00:00 0 
7fd3d5da4000-7fd3d5da5000 r--p 00000000 00:00 0 
7fd3d5da5000-7fd3d5da6000 rwxp 00000000 00:00 0 
7fd3d5da6000-7fd3d5dc1000 r-xp 00000000 00:8d7 4611686019135190032       /nix/store/gpxl5qgg8kicmcvivwmybwjlpf7wh20l-graalvm17-ce-22.3.0/lib/libjimage.so
7fd3d5dc1000-7fd3d5dc2000 ---p 0001b000 00:8d7 4611686019135190032       /nix/store/gpxl5qgg8kicmcvivwmybwjlpf7wh20l-graalvm17-ce-22.3.0/lib/libjimage.so
7fd3d5dc2000-7fd3d5dc4000 r--p 0001b000 00:8d7 4611686019135190032       /nix/store/gpxl5qgg8kicmcvivwmybwjlpf7wh20l-graalvm17-ce-22.3.0/lib/libjimage.so
7fd3d5dc4000-7fd3d5dc5000 rw-p 0001d000 00:8d7 4611686019135190032       /nix/store/gpxl5qgg8kicmcvivwmybwjlpf7wh20l-graalvm17-ce-22.3.0/lib/libjimage.so
7fd3d5dc5000-7fd3d5dc6000 rw-p 00024000 00:8d7 4611686019135190032       /nix/store/gpxl5qgg8kicmcvivwmybwjlpf7wh20l-graalvm17-ce-22.3.0/lib/libjimage.so
7fd3d5dc6000-7fd3d5dca000 ---p 00000000 00:00 0 
7fd3d5dca000-7fd3d5ec6000 rw-p 00000000 00:00 0 
7fd3d5ec6000-7fd3d5ed4000 r--p 00000000 00:8d7 4611686019027979927       /nix/store/4nlgxhb09sdr51nc9hdm8az5b08vzkgx-glibc-2.35-163/lib/libm.so.6
7fd3d5ed4000-7fd3d5f47000 r-xp 0000e000 00:8d7 4611686019027979927       /nix/store/4nlgxhb09sdr51nc9hdm8az5b08vzkgx-glibc-2.35-163/lib/libm.so.6
7fd3d5f47000-7fd3d5fa4000 r--p 00081000 00:8d7 4611686019027979927       /nix/store/4nlgxhb09sdr51nc9hdm8az5b08vzkgx-glibc-2.35-163/lib/libm.so.6
7fd3d5fa4000-7fd3d5fa5000 r--p 000dd000 00:8d7 4611686019027979927       /nix/store/4nlgxhb09sdr51nc9hdm8az5b08vzkgx-glibc-2.35-163/lib/libm.so.6
7fd3d5fa5000-7fd3d5fa6000 rw-p 000de000 00:8d7 4611686019027979927       /nix/store/4nlgxhb09sdr51nc9hdm8az5b08vzkgx-glibc-2.35-163/lib/libm.so.6
7fd3d5fa6000-7fd3d5fa7000 r--p 00000000 00:8d7 4611686019027979946       /nix/store/4nlgxhb09sdr51nc9hdm8az5b08vzkgx-glibc-2.35-163/lib/librt.so.1
7fd3d5fa7000-7fd3d5fa8000 r-xp 00001000 00:8d7 4611686019027979946       /nix/store/4nlgxhb09sdr51nc9hdm8az5b08vzkgx-glibc-2.35-163/lib/librt.so.1
7fd3d5fa8000-7fd3d5fa9000 r--p 00002000 00:8d7 4611686019027979946       /nix/store/4nlgxhb09sdr51nc9hdm8az5b08vzkgx-glibc-2.35-163/lib/librt.so.1
7fd3d5fa9000-7fd3d5faa000 r--p 00002000 00:8d7 4611686019027979946       /nix/store/4nlgxhb09sdr51nc9hdm8az5b08vzkgx-glibc-2.35-163/lib/librt.so.1
7fd3d5faa000-7fd3d5fab000 rw-p 00003000 00:8d7 4611686019027979946       /nix/store/4nlgxhb09sdr51nc9hdm8az5b08vzkgx-glibc-2.35-163/lib/librt.so.1
7fd3d5fab000-7fd3d70be000 r-xp 00000000 00:8d7 4611686019135360866       /nix/store/gpxl5qgg8kicmcvivwmybwjlpf7wh20l-graalvm17-ce-22.3.0/lib/server/libjvm.so
7fd3d70be000-7fd3d70bf000 ---p 01113000 00:8d7 4611686019135360866       /nix/store/gpxl5qgg8kicmcvivwmybwjlpf7wh20l-graalvm17-ce-22.3.0/lib/server/libjvm.so
7fd3d70bf000-7fd3d7174000 r--p 01113000 00:8d7 4611686019135360866       /nix/store/gpxl5qgg8kicmcvivwmybwjlpf7wh20l-graalvm17-ce-22.3.0/lib/server/libjvm.so
7fd3d7174000-7fd3d71a8000 rw-p 011c8000 00:8d7 4611686019135360866       /nix/store/gpxl5qgg8kicmcvivwmybwjlpf7wh20l-graalvm17-ce-22.3.0/lib/server/libjvm.so
7fd3d71a8000-7fd3d7204000 rw-p 00000000 00:00 0 
7fd3d7204000-7fd3d722c000 r--p 00000000 00:8d7 4611686019027979918       /nix/store/4nlgxhb09sdr51nc9hdm8az5b08vzkgx-glibc-2.35-163/lib/libc.so.6
7fd3d722c000-7fd3d73a2000 r-xp 00028000 00:8d7 4611686019027979918       /nix/store/4nlgxhb09sdr51nc9hdm8az5b08vzkgx-glibc-2.35-163/lib/libc.so.6
7fd3d73a2000-7fd3d73fa000 r--p 0019e000 00:8d7 4611686019027979918       /nix/store/4nlgxhb09sdr51nc9hdm8az5b08vzkgx-glibc-2.35-163/lib/libc.so.6
7fd3d73fa000-7fd3d73fe000 r--p 001f6000 00:8d7 4611686019027979918       /nix/store/4nlgxhb09sdr51nc9hdm8az5b08vzkgx-glibc-2.35-163/lib/libc.so.6
7fd3d73fe000-7fd3d7400000 rw-p 001fa000 00:8d7 4611686019027979918       /nix/store/4nlgxhb09sdr51nc9hdm8az5b08vzkgx-glibc-2.35-163/lib/libc.so.6
7fd3d7400000-7fd3d740f000 rw-p 00000000 00:00 0 
7fd3d740f000-7fd3d7410000 r--p 00000000 00:8d7 4611686019027979923       /nix/store/4nlgxhb09sdr51nc9hdm8az5b08vzkgx-glibc-2.35-163/lib/libdl.so.2
7fd3d7410000-7fd3d7411000 r-xp 00001000 00:8d7 4611686019027979923       /nix/store/4nlgxhb09sdr51nc9hdm8az5b08vzkgx-glibc-2.35-163/lib/libdl.so.2
7fd3d7411000-7fd3d7412000 r--p 00002000 00:8d7 4611686019027979923       /nix/store/4nlgxhb09sdr51nc9hdm8az5b08vzkgx-glibc-2.35-163/lib/libdl.so.2
7fd3d7412000-7fd3d7413000 r--p 00002000 00:8d7 4611686019027979923       /nix/store/4nlgxhb09sdr51nc9hdm8az5b08vzkgx-glibc-2.35-163/lib/libdl.so.2
7fd3d7413000-7fd3d7414000 rw-p 00003000 00:8d7 4611686019027979923       /nix/store/4nlgxhb09sdr51nc9hdm8az5b08vzkgx-glibc-2.35-163/lib/libdl.so.2
7fd3d7414000-7fd3d7415000 r--p 00000000 00:8d7 4611686019027979942       /nix/store/4nlgxhb09sdr51nc9hdm8az5b08vzkgx-glibc-2.35-163/lib/libpthread.so.0
7fd3d7415000-7fd3d7416000 r-xp 00001000 00:8d7 4611686019027979942       /nix/store/4nlgxhb09sdr51nc9hdm8az5b08vzkgx-glibc-2.35-163/lib/libpthread.so.0
7fd3d7416000-7fd3d7417000 r--p 00002000 00:8d7 4611686019027979942       /nix/store/4nlgxhb09sdr51nc9hdm8az5b08vzkgx-glibc-2.35-163/lib/libpthread.so.0
7fd3d7417000-7fd3d7418000 r--p 00002000 00:8d7 4611686019027979942       /nix/store/4nlgxhb09sdr51nc9hdm8az5b08vzkgx-glibc-2.35-163/lib/libpthread.so.0
7fd3d7418000-7fd3d7419000 rw-p 00003000 00:8d7 4611686019027979942       /nix/store/4nlgxhb09sdr51nc9hdm8az5b08vzkgx-glibc-2.35-163/lib/libpthread.so.0
7fd3d7419000-7fd3d7427000 r-xp 00000000 00:8d7 4611686019135190033       /nix/store/gpxl5qgg8kicmcvivwmybwjlpf7wh20l-graalvm17-ce-22.3.0/lib/libjli.so
7fd3d7427000-7fd3d7428000 ---p 0000e000 00:8d7 4611686019135190033       /nix/store/gpxl5qgg8kicmcvivwmybwjlpf7wh20l-graalvm17-ce-22.3.0/lib/libjli.so
7fd3d7428000-7fd3d7429000 r--p 0000e000 00:8d7 4611686019135190033       /nix/store/gpxl5qgg8kicmcvivwmybwjlpf7wh20l-graalvm17-ce-22.3.0/lib/libjli.so
7fd3d7429000-7fd3d742a000 rw-p 0000f000 00:8d7 4611686019135190033       /nix/store/gpxl5qgg8kicmcvivwmybwjlpf7wh20l-graalvm17-ce-22.3.0/lib/libjli.so
7fd3d742a000-7fd3d742b000 rw-p 00012000 00:8d7 4611686019135190033       /nix/store/gpxl5qgg8kicmcvivwmybwjlpf7wh20l-graalvm17-ce-22.3.0/lib/libjli.so
7fd3d742b000-7fd3d742e000 r--p 00000000 00:8d7 4611686019106210071       /nix/store/026hln0aq1hyshaxsdvhg0kmcm6yf45r-zlib-1.2.13/lib/libz.so.1.2.13
7fd3d742e000-7fd3d7440000 r-xp 00003000 00:8d7 4611686019106210071       /nix/store/026hln0aq1hyshaxsdvhg0kmcm6yf45r-zlib-1.2.13/lib/libz.so.1.2.13
7fd3d7440000-7fd3d7447000 r--p 00015000 00:8d7 4611686019106210071       /nix/store/026hln0aq1hyshaxsdvhg0kmcm6yf45r-zlib-1.2.13/lib/libz.so.1.2.13
7fd3d7447000-7fd3d7448000 r--p 0001b000 00:8d7 4611686019106210071       /nix/store/026hln0aq1hyshaxsdvhg0kmcm6yf45r-zlib-1.2.13/lib/libz.so.1.2.13
7fd3d7448000-7fd3d7449000 rw-p 0001c000 00:8d7 4611686019106210071       /nix/store/026hln0aq1hyshaxsdvhg0kmcm6yf45r-zlib-1.2.13/lib/libz.so.1.2.13
7fd3d7449000-7fd3d744b000 rw-p 00000000 00:00 0 
7fd3d744b000-7fd3d744d000 r--p 00000000 00:8d7 4611686019027979912       /nix/store/4nlgxhb09sdr51nc9hdm8az5b08vzkgx-glibc-2.35-163/lib/ld-linux-x86-64.so.2
7fd3d744d000-7fd3d7474000 r-xp 00002000 00:8d7 4611686019027979912       /nix/store/4nlgxhb09sdr51nc9hdm8az5b08vzkgx-glibc-2.35-163/lib/ld-linux-x86-64.so.2
7fd3d7474000-7fd3d7480000 r--p 00029000 00:8d7 4611686019027979912       /nix/store/4nlgxhb09sdr51nc9hdm8az5b08vzkgx-glibc-2.35-163/lib/ld-linux-x86-64.so.2
7fd3d7480000-7fd3d7482000 r--p 00034000 00:8d7 4611686019027979912       /nix/store/4nlgxhb09sdr51nc9hdm8az5b08vzkgx-glibc-2.35-163/lib/ld-linux-x86-64.so.2
7fd3d7482000-7fd3d7484000 rw-p 00036000 00:8d7 4611686019027979912       /nix/store/4nlgxhb09sdr51nc9hdm8az5b08vzkgx-glibc-2.35-163/lib/ld-linux-x86-64.so.2
7ffdc0eba000-7ffdc0edf000 rw-p 00000000 00:00 0                          [stack]
7ffdc0f6e000-7ffdc0f72000 r--p 00000000 00:00 0                          [vvar]
7ffdc0f72000-7ffdc0f74000 r-xp 00000000 00:00 0                          [vdso]
ffffffffff600000-ffffffffff601000 --xp 00000000 00:00 0                  [vsyscall]


VM Arguments:
jvm_args: -XX:ThreadPriorityPolicy=1 -XX:+UnlockExperimentalVMOptions -XX:+EnableJVMCIProduct -XX:JVMCIThreadsPerNativeLibraryRuntime=1 -XX:-UnlockExperimentalVMOptions -Declipse.application=org.eclipse.jdt.ls.core.id1 -Dosgi.bundles.defaultStartLevel=4 -Declipse.product=org.eclipse.jdt.ls.core.product -Dlog.level=ALL -Xverify:none -XX:+UseParallelGC -XX:GCTimeRatio=4 -XX:AdaptiveSizePolicyWeight=90 -Dsun.zip.disableMemoryMapping=true -Xmx512m -Xms100m 
java_command: /nix/store/m6gcpi1ii6rghy04cjwjddcavv7i90df-jdt-language-server-1.9.0/share/java/plugins/org.eclipse.equinox.launcher_1.6.400.v20210924-0641.jar --add-modules=ALL-SYSTEM --add-opens java.base/java.util=ALL-UNNAMED --add-opens java.base/java.lang=ALL-UNNAMED -configuration /home/runner/.cache/jdt-language-server/config -data /home/runner/.cache/jdt-language-server/data/home/runner/Fechasjava
java_class_path (initial): /nix/store/m6gcpi1ii6rghy04cjwjddcavv7i90df-jdt-language-server-1.9.0/share/java/plugins/org.eclipse.equinox.launcher_1.6.400.v20210924-0641.jar
Launcher Type: SUN_STANDARD

[Global flags]
    uintx AdaptiveSizePolicyWeight                 = 90                                        {product} {command line}
     intx CICompilerCount                          = 2                                         {product} {ergonomic}
     bool EnableJVMCIProduct                       = true                                {JVMCI product} {jimage}
    uintx GCTimeRatio                              = 4                                         {product} {command line}
   size_t InitialHeapSize                          = 104857600                                 {product} {command line}
     uint JVMCIThreadsPerNativeLibraryRuntime      = 1                                   {JVMCI product} {jimage}
   size_t MaxHeapSize                              = 536870912                                 {product} {command line}
   size_t MaxNewSize                               = 178782208                                 {product} {ergonomic}
   size_t MinHeapDeltaBytes                        = 524288                                    {product} {ergonomic}
   size_t MinHeapSize                              = 104857600                                 {product} {command line}
   size_t NewSize                                  = 34603008                                  {product} {ergonomic}
    uintx NonNMethodCodeHeapSize                   = 5826188                                {pd product} {ergonomic}
    uintx NonProfiledCodeHeapSize                  = 122916026                              {pd product} {ergonomic}
   size_t OldSize                                  = 70254592                                  {product} {ergonomic}
    uintx ProfiledCodeHeapSize                     = 122916026                              {pd product} {ergonomic}
    uintx ReservedCodeCacheSize                    = 251658240                              {pd product} {ergonomic}
     bool SegmentedCodeCache                       = true                                      {product} {ergonomic}
   size_t SoftMaxHeapSize                          = 536870912                              {manageable} {ergonomic}
     intx ThreadPriorityPolicy                     = 1                                         {product} {jimage}
     bool UseCompressedClassPointers               = true                           {product lp64_product} {ergonomic}
     bool UseCompressedOops                        = true                           {product lp64_product} {ergonomic}
     bool UseParallelGC                            = true                                      {product} {command line}

Logging:
Log output configuration:
 #0: stdout all=warning uptime,level,tags
 #1: stderr all=off uptime,level,tags

Environment Variables:
JAVA_HOME=/nix/store/gpxl5qgg8kicmcvivwmybwjlpf7wh20l-graalvm17-ce-22.3.0
PATH=/nix/store/1d6ian3r8kdzspw8hacjhl3xkp40g1lj-binutils-wrapper-2.39/bin:/nix/store/dq0xwmsk1g0i2ayg6pb7y87na2knzylh-gcc-wrapper-11.3.0/bin:/nix/store/bap4d0lpcrhpwmpb8ayjcgkmvfj62lnq-bash-interactive-5.1-p16/bin:/nix/store/pr5n59mb4jzmfx6kanwxly0l07p861fg-patchelf-0.15.0/bin:/nix/store/1gf2flfqnpqbr1b4p4qz2f72y42bs56r-gcc-11.3.0/bin:/nix/store/57xv61c5zi8pphjbcwxxjlgc34p61ic9-glibc-2.35-163-bin/bin:/nix/store/a7gvj343m05j2s32xcnwr35v31ynlypr-coreutils-9.1/bin:/nix/store/039g378vc3pc3dvi9dzdlrd0i4q93qwf-binutils-2.39/bin:/nix/store/gpxl5qgg8kicmcvivwmybwjlpf7wh20l-graalvm17-ce-22.3.0/bin:/nix/store/6z9ag3ihc8mq2hzsw48lhbznvzny65nz-apache-maven-3.8.6/bin:/nix/store/m6gcpi1ii6rghy04cjwjddcavv7i90df-jdt-language-server-1.9.0/bin:/nix/store/84xs5alhs01zrbr4ywm05kxbjbp5590l-java-debug/bin:/nix/store/mydc6f4k2z73xlcz7ilif3v2lcaiqvza-findutils-4.9.0/bin:/nix/store/j9p3g8472iijd50vhdprx0nmk2fqn5gv-diffutils-3.8/bin:/nix/store/89zs7rms6x00xfq4dq6m7mjnhkr8a6r4-gnused-4.8/bin:/nix/store/86bp03jkmsl6f92w0yzg4s59g5mhxwmy-gnugrep-3.7/bin:/nix/store/hwcdqw4jrjnd37wxqgsd47hd0j8bnj09-gawk-5.1.1/bin:/nix/store/cfbhw8r8ags41vwqaz47r583d0p4h4a1-gnutar-1.34/bin:/nix/store/p3m1ndl1lapwrlh698bnb5lvvxh67378-gzip-1.12/bin:/nix/store/a8mhcagrsly7c7mpjrpsnaahk4aax056-bzip2-1.0.8-bin/bin:/nix/store/mblgz65m3zv9x548a3d5m96fj2pbwr09-gnumake-4.3/bin:/nix/store/dsd5gz46hdbdk2rfdimqddhq6m8m8fqs-bash-5.1-p16/bin:/nix/store/v7ljksji50mg3w61dykaa3n3y79n6nil-patch-2.7.6/bin:/nix/store/zlcnmqq14jz5x9439jf937mvayyl63da-xz-5.2.7-bin/bin:/nix/store/y6aj732zm9m87c82fpvf103a1xb22blp-file-5.43/bin:/nix/store/i4kzir3m7mrisxmf5xvlnkw01x4qaqr4-prybar-elisp-0.0.0-e0d9a52/bin:/nix/store/lwwivxf6h7x3cvxp9zv8sj0mv7dak99r-prybar-lua-0.0.0-e0d9a52/bin:/nix/store/gxj28g1cg4hq3qanmjv07156h800qr58-prybar-python3-0.0.0-e0d9a52/bin:/nix/store/hshkjnxrgidigf8x75vg6lqng2xlx9i3-prybar-sqlite-0.0.0-e0d9a52/bin:/nix/store/c4w01bpjgyy5ixmwdk8m1pw87zq4sl26-prybar-tcl-0.0.0-e0d9a52/bin:/nix/store/hpbvrlwd5viqmvcaisb3x0118i913a9n-st
LD_LIBRARY_PATH=/nix/store/a4pff549sk2idnkpzk5nsfps3mdkdnvm-cups-2.4.2-lib/lib:/nix/store/72mqxxhh3cy5yifh92wh2yb8cl2hikyy-cairo-1.16.0/lib:/nix/store/2k366jrbsra97gjfxwvrhvixjfxdach5-glib-2.74.1/lib:/nix/store/2j2znigd8ak37rlwh9khz0ry3clqlw1l-gtk+3-3.24.34/lib:/nix/store/hisqvx32cd57apbpcsnkpx6k3549wql1-libglvnd-1.4.0/lib:/nix/store/p36pgcv991mq5srvg765b78yqpxvk3qs-mesa-21.3.3-drivers/lib:/nix/store/mav4251if1ahjq5vkpwycyyvnmy459c4-pulseaudio-14.2/lib
DISPLAY=:0
LANG=en_US.UTF-8

Signal Handlers:
   SIGSEGV: crash_handler in libjvm.so, mask=11100100010111111101111111111110, flags=SA_RESTART|SA_SIGINFO
    SIGBUS: crash_handler in libjvm.so, mask=11100100010111111101111111111110, flags=SA_RESTART|SA_SIGINFO
    SIGFPE: crash_handler in libjvm.so, mask=11100100010111111101111111111110, flags=SA_RESTART|SA_SIGINFO
   SIGPIPE: IsolateEnterStub_IgnoreSIGPIPEStartupHook_noopSignalHandler_8f19bff2f35b5f630d83b364d6b2339320d4ec70_216e8361c6bc87a8f89f58cc10d3b2fd4415bf87 in libjvmcicompiler.so, mask=00000000000000000000000000000000, flags=SA_RESTART
  *** Handler was modified!
  *** Expected: javaSignalHandler in libjvm.so, mask=11100100110111111111111111111110, flags=SA_RESTART|SA_SIGINFO
   SIGXFSZ: javaSignalHandler in libjvm.so, mask=11100100010111111101111111111110, flags=SA_RESTART|SA_SIGINFO
    SIGILL: crash_handler in libjvm.so, mask=11100100010111111101111111111110, flags=SA_RESTART|SA_SIGINFO
   SIGUSR2: SR_handler in libjvm.so, mask=00000000000000000000000000000000, flags=SA_RESTART|SA_SIGINFO
    SIGHUP: UserHandler in libjvm.so, mask=11100100010111111101111111111110, flags=SA_RESTART|SA_SIGINFO
    SIGINT: UserHandler in libjvm.so, mask=11100100010111111101111111111110, flags=SA_RESTART|SA_SIGINFO
   SIGTERM: UserHandler in libjvm.so, mask=11100100010111111101111111111110, flags=SA_RESTART|SA_SIGINFO
   SIGQUIT: UserHandler in libjvm.so, mask=11100100010111111101111111111110, flags=SA_RESTART|SA_SIGINFO
  *** Handler was modified!
  *** Expected: javaSignalHandler in libjvm.so, mask=11100100110111111111111111111110, flags=SA_RESTART|SA_SIGINFO
   SIGTRAP: crash_handler in libjvm.so, mask=11100100010111111101111111111110, flags=SA_RESTART|SA_SIGINFO


---------------  S Y S T E M  ---------------

OS:
DISTRIB_ID=Ubuntu
DISTRIB_RELEASE=20.04
DISTRIB_CODENAME=focal
DISTRIB_DESCRIPTION="Ubuntu 20.04.2 LTS"
uname: Linux 5.15.0-1031-gcp #38~20.04.1-Ubuntu SMP Sun Mar 12 04:47:58 UTC 2023 x86_64
OS uptime: 0 days 0:27 hours
libc: glibc 2.35 NPTL 2.35 
rlimit (soft/hard): STACK 8192k/infinity , CORE infinity/infinity , NPROC infinity/infinity , NOFILE 5242/5242 , AS infinity/infinity , CPU infinity/infinity , DATA infinity/infinity , FSIZE infinity/infinity , MEMLOCK 64k/64k
load average: 10.84 10.50 7.24

/proc/meminfo:
MemTotal:       65852712 kB
MemFree:        33531748 kB
MemAvailable:   52937276 kB
Buffers:          760876 kB
Cached:         18267980 kB
SwapCached:            0 kB
Active:          4388216 kB
Inactive:       25045356 kB
Active(anon):      14500 kB
Inactive(anon): 10314780 kB
Active(file):    4373716 kB
Inactive(file): 14730576 kB
Unevictable:       43004 kB
Mlocked:           43004 kB
SwapTotal:             0 kB
SwapFree:              0 kB
Dirty:              3088 kB
Writeback:             0 kB
AnonPages:      10363556 kB
Mapped:          1539620 kB
Shmem:             74432 kB
KReclaimable:    1027836 kB
Slab:            1989272 kB
SReclaimable:    1027836 kB
SUnreclaim:       961436 kB
KernelStack:      387408 kB
PageTables:       140048 kB
NFS_Unstable:          0 kB
Bounce:                0 kB
WritebackTmp:          0 kB
CommitLimit:    32926356 kB
Committed_AS:   47926032 kB
VmallocTotal:   34359738367 kB
VmallocUsed:      418752 kB
VmallocChunk:          0 kB
Percpu:            41984 kB
HardwareCorrupted:     0 kB
AnonHugePages:    438272 kB
ShmemHugePages:        0 kB
ShmemPmdMapped:        0 kB
FileHugePages:         0 kB
FilePmdMapped:         0 kB
HugePages_Total:       0
HugePages_Free:        0
HugePages_Rsvd:        0
HugePages_Surp:        0
Hugepagesize:       2048 kB
Hugetlb:               0 kB
DirectMap4k:     1348416 kB
DirectMap2M:    30105600 kB
DirectMap1G:    37748736 kB

/sys/kernel/mm/transparent_hugepage/enabled: always [madvise] never
/sys/kernel/mm/transparent_hugepage/defrag (defrag/compaction efforts parameter): always defer defer+madvise [madvise] never

Process Memory:
Virtual Size: 5121116K (peak: 5180224K)
Resident Set Size: 758960K (peak: 821900K) (anon: 561948K, file: 197012K, shmem: 0K)
Swapped out: 0K
C-Heap outstanding allocations: 44546K, retained: 17141K
glibc malloc tunables: (default)

/proc/sys/kernel/threads-max (system-wide limit on the number of threads): 514406
/proc/sys/vm/max_map_count (maximum number of memory map areas a process may have): 65530
/proc/sys/kernel/pid_max (system-wide limit on number of process identifiers): 4194304

container (cgroup) information:
container_type: cgroupv1
cpu_cpuset_cpus: 2-7
cpu_memory_nodes: 0
active_processor_count: 1
cpu_quota: 50000
cpu_period: 100000
cpu_shares: 512
memory_limit_in_bytes: 1048576 k
memory_and_swap_limit_in_bytes: 1048576 k
memory_soft_limit_in_bytes: 524288 k
memory_usage_in_bytes: 876700 k
memory_max_usage_in_bytes: 992988 k
maximum number of tasks: 1000
current number of tasks: 48

KVM virtualization detected
Steal ticks since vm start: 0
Steal ticks percentage since vm start:  0.000

CPU: total 8 (initial active 1) (8 cores per cpu, 2 threads per core) family 23 model 49 stepping 0 microcode 0xffffffff, cx8, cmov, fxsr, ht, mmx, 3dnowpref, sse, sse2, sse3, ssse3, sse4a, sse4.1, sse4.2, popcnt, lzcnt, tsc, tscinvbit, avx, avx2, aes, clmul, bmi1, bmi2, adx, sha, fma, vzeroupper, clflush, clflushopt, hv
CPU Model and flags from /proc/cpuinfo:
model name	: AMD EPYC 7B12
flags		: fpu vme de pse tsc msr pae mce cx8 apic sep mtrr pge mca cmov pat pse36 clflush mmx fxsr sse sse2 ht syscall nx mmxext fxsr_opt pdpe1gb rdtscp lm constant_tsc rep_good nopl nonstop_tsc cpuid extd_apicid tsc_known_freq pni pclmulqdq ssse3 fma cx16 sse4_1 sse4_2 movbe popcnt aes xsave avx f16c rdrand hypervisor lahf_lm cmp_legacy cr8_legacy abm sse4a misalignsse 3dnowprefetch osvw topoext ssbd ibrs ibpb stibp vmmcall fsgsbase tsc_adjust bmi1 avx2 smep bmi2 rdseed adx smap clflushopt clwb sha_ni xsaveopt xsavec xgetbv1 clzero xsaveerptr arat npt nrip_save umip rdpid

Online cpus: 0-7
Offline cpus: 
BIOS frequency limitation: <Not Available>
Frequency switch latency (ns): <Not Available>
Available cpu frequencies: <Not Available>
Current governor: <Not Available>
Core performance/turbo boost: <Not Available>

Memory: 4k page, physical 1048576k(171868k free), swap 0k(0k free)
Page Sizes: 4k

vm_info: OpenJDK 64-Bit Server VM (17.0.5+8-jvmci-22.3-b08) for linux-amd64 JRE (17.0.5+8-jvmci-22.3-b08), built on Oct 19 2022 09:01:27 by "buildslave" with gcc 10.3.0

END.
